 0.000000E+00  0.000000E+00  5.713980E-01  0.000000E+00  0.000000E+00
 1.213496E-03  6.933917E-04  5.714014E-01  0.000000E+00  0.000000E+00
 4.859804E-03  2.776893E-03  5.713992E-01  0.000000E+00  0.000000E+00
 1.095645E-02  6.260518E-03  5.714013E-01  0.000000E+00  0.000000E+00
 1.953284E-02  1.116106E-02  5.713986E-01  0.000000E+00  0.000000E+00
 3.063054E-02  1.750228E-02  5.713991E-01  0.000000E+00  0.000000E+00
 4.430375E-02  2.531510E-02  5.713922E-01  0.000000E+00  0.000000E+00
 6.061979E-02  3.463790E-02  5.713834E-01  0.000000E+00  0.000000E+00
 7.965989E-02  4.551687E-02  5.713585E-01  0.000000E+00  0.000000E+00
 1.015200E-01  5.800639E-02  5.713171E-01  0.000000E+00  0.000000E+00
 1.263117E-01  7.216939E-02  5.712369E-01  0.000000E+00  0.000000E+00
 1.541636E-01  8.807777E-02  5.711062E-01  0.000000E+00  0.000000E+00
 1.852229E-01  1.058127E-01  5.708875E-01  0.000000E+00  0.000000E+00
 2.196567E-01  1.254650E-01  5.705481E-01  0.000000E+00  0.000000E+00
 2.576540E-01  1.471349E-01  5.700231E-01  0.000000E+00  0.000000E+00
 2.994283E-01  1.709317E-01  5.692429E-01  0.000000E+00  0.000000E+00
 3.452200E-01  1.969733E-01  5.680952E-01  0.000000E+00  0.000000E+00
 3.952994E-01  2.253837E-01  5.664484E-01  0.000000E+00  0.000000E+00
 4.499701E-01  2.562907E-01  5.641108E-01  0.000000E+00  0.000000E+00
 5.095736E-01  2.898204E-01  5.608493E-01  0.000000E+00  0.000000E+00
 5.744935E-01  3.260900E-01  5.563456E-01  0.000000E+00  0.000000E+00
 6.451613E-01  3.651969E-01  5.502097E-01  0.000000E+00  0.000000E+00
 7.220628E-01  4.072017E-01  5.419358E-01  0.000000E+00  0.000000E+00
 8.057457E-01  4.521065E-01  5.309156E-01  0.000000E+00  0.000000E+00
 8.968283E-01  4.998231E-01  5.164064E-01  0.000000E+00  0.000000E+00
 9.960102E-01  5.501332E-01  4.975654E-01  0.000000E+00  0.000000E+00
 1.104084E+00  6.026376E-01  4.734654E-01  0.000000E+00  0.000000E+00
 1.221951E+00  6.566988E-01  4.432045E-01  0.000000E+00  0.000000E+00
 1.350636E+00  7.113833E-01  4.060446E-01  0.000000E+00  0.000000E+00
 1.491312E+00  7.654203E-01  3.616776E-01  0.000000E+00  0.000000E+00
 1.645319E+00  8.172036E-01  3.105433E-01  0.000000E+00  0.000000E+00
 1.814199E+00  8.648738E-01  2.542089E-01  0.000000E+00  0.000000E+00
 1.999730E+00  9.065206E-01  1.956106E-01  0.000000E+00  0.000000E+00
 2.203964E+00  9.405192E-01  1.389683E-01  0.000000E+00  0.000000E+00
 2.429290E+00  9.659491E-01  8.909174E-02  0.000000E+00  0.000000E+00
 2.678486E+00  9.829503E-01  5.007145E-02  0.000000E+00  0.000000E+00
 2.954808E+00  9.927976E-01  2.378068E-02  0.000000E+00  0.000000E+00
 3.262080E+00  9.975493E-01  9.107881E-03  0.000000E+00  0.000000E+00
 3.604819E+00  9.993674E-01  2.648875E-03  0.000000E+00  0.000000E+00
 3.988383E+00  9.998854E-01  5.411516E-04  0.000000E+00  0.000000E+00
 4.419160E+00  9.999868E-01  7.013100E-05  0.000000E+00  0.000000E+00
 4.904806E+00  9.999992E-01  5.039261E-06  0.000000E+00  0.000000E+00
 5.454545E+00  1.000000E+00  1.680961E-07  0.000000E+00  0.000000E+00
 6.079554E+00  1.000000E+00  1.800731E-09  0.000000E+00  0.000000E+00
 6.793446E+00  1.000000E+00  2.275743E-10  0.000000E+00  0.000000E+00
 7.612900E+00  1.000000E+00 -1.934546E-10  0.000000E+00  0.000000E+00
 8.558461E+00  1.000000E+00  1.612275E-10  0.000000E+00  0.000000E+00
 9.655569E+00  1.000000E+00 -1.296500E-10  0.000000E+00  0.000000E+00
 1.093587E+01  1.000000E+00  1.015990E-10  0.000000E+00  0.000000E+00
 1.243888E+01  1.000000E+00 -7.810570E-11  0.000000E+00  0.000000E+00
 1.421403E+01  1.000000E+00  5.914639E-11  0.000000E+00  0.000000E+00
 1.632310E+01  1.000000E+00 -4.422394E-11  0.000000E+00  0.000000E+00
 1.884296E+01  1.000000E+00  3.269275E-11  0.000000E+00  0.000000E+00
 2.186796E+01  1.000000E+00 -2.391619E-11  0.000000E+00  0.000000E+00
 2.551103E+01  1.000000E+00  1.732914E-11  0.000000E+00  0.000000E+00
 2.990071E+01  1.000000E+00 -1.245452E-11  0.000000E+00  0.000000E+00
 3.516886E+01  1.000000E+00  8.900818E-12  0.000000E+00  0.000000E+00
 4.141970E+01  1.000000E+00 -6.354223E-12  0.000000E+00  0.000000E+00
 4.866563E+01  1.000000E+00  4.564685E-12  0.000000E+00  0.000000E+00
 5.671611E+01  1.000000E+00 -3.338108E-12  0.000000E+00  0.000000E+00
 6.502723E+01  1.000000E+00  2.526521E-12  0.000000E+00  0.000000E+00
 7.258719E+01  1.000000E+00 -2.019912E-12  0.000000E+00  0.000000E+00
 7.801081E+01  1.000000E+00  1.746603E-12  0.000000E+00  0.000000E+00
 8.000000E+01  1.000000E+00 -3.316014E-12  0.000000E+00  0.000000E+00
