#  1.0000000000000E+00  0.0000000000000E+00  2.3181421994149E-01 -6.4182122970151E-03  8.0000000000000E-02  0.0000000000000E+00
 0.0000000000000E+00  0.0000000000000E+00  0.0000000000000E+00  0.0000000000000E+00  0.0000000000000E+00  0.0000000000000E+00  0.0000000000000E+00  2.3569492611267E-01 -2.8869867054578E-02
 1.2134956257652E-03  4.8358283959786E-03 -5.9082557391733E-03 -1.2850487565896E-06 -6.8068155168993E-07  1.2331838085943E-18  5.8285046738464E-18  2.3569439041088E-01 -2.8870495903633E-02
 4.8598042576750E-03  1.9432308863692E-02 -2.3184626994567E-02 -1.3481246532227E-05 -1.0565031982516E-05  1.5174007609265E-17  2.5668734761164E-17  2.3569030970044E-01 -2.8874176247323E-02
 1.0956449776219E-02  4.4017988404804E-02 -5.0507416707909E-02 -6.7456614556685E-05 -5.3954323569506E-05  2.9520499129537E-17  2.1604496345936E-17  2.3568381573833E-01 -2.8879312250642E-02
 1.9532835037547E-02  7.8851980016986E-02 -8.5753686267023E-02 -2.0646085977380E-04 -1.7227046510268E-04  3.3184309465004E-17  4.4696783214650E-17  2.3567551003763E-01 -2.8887654250424E-02
 3.0630539981632E-02  1.2406253862535E-01 -1.2612480330988E-01 -4.8788792121846E-04 -4.2572675001433E-04  1.2325274029154E-17  3.9712741233751E-17  2.3566609135681E-01 -2.8897756700171E-02
 4.4303746127476E-02  1.7946141325392E-01 -1.6832859253436E-01 -9.6954052083538E-04 -8.9391836231339E-04  2.0579805538328E-17  5.7640497121020E-17  2.3565663210595E-01 -2.8911467136937E-02
 6.0619794820640E-02  2.4437008046947E-01 -2.0881933682942E-01 -1.7086261040099E-03 -1.6761631450426E-03  2.8402297501754E-17  1.0316408270255E-16  2.3564832350233E-01 -2.8927420939148E-02
 7.9659889028125E-02  3.1749498686127E-01 -2.4408425158547E-01 -2.7464896823774E-03 -2.8895221693196E-03  3.4725352871914E-17  3.8615311810528E-16  2.3564274192973E-01 -2.8947515096486E-02
 1.0151995116565E-01  3.9688773190226E-01 -2.7095941736472E-01 -4.1077131068979E-03 -4.6655716316475E-03 -9.8196526399062E-17  4.1607176732603E-16  2.3564157169695E-01 -2.8970378166605E-02
 1.2631165246940E-01  4.8001105217130E-01 -2.8693935073913E-01 -5.7869007778252E-03 -7.1444822714803E-03  3.2097473712286E-17  4.4581264105167E-16  2.3564683096899E-01 -2.8997818502852E-02
 1.5416363287784E-01  5.6391924585837E-01 -2.9044559680864E-01 -7.7518967953452E-03 -1.0468244456041E-02 -2.4126294832484E-16  6.4984793200861E-16  2.3566053210062E-01 -2.9028261118100E-02
 1.8522293437556E-01  6.4553071180857E-01 -2.8100871393879E-01 -9.9365315872951E-03 -1.4772551004356E-02 -4.9460882340451E-16  8.1340216959148E-16  2.3568481559564E-01 -2.9063169331556E-02
 2.1965667539691E-01  7.2195650055386E-01 -2.5933819677002E-01 -1.2251129409303E-02 -2.0179928678504E-02  1.0111200540637E-16  6.9423816786826E-16  2.3572148484102E-01 -2.9100453462217E-02
 2.5765399934730E-01  7.9081580937673E-01 -2.2726112457817E-01 -1.4582984910203E-02 -2.6794082885414E-02  4.9834698763535E-16  1.1759434012470E-15  2.3577197083941E-01 -2.9140880864877E-02
 2.9942833676086E-01  8.5047460267528E-01 -1.8754496083177E-01 -1.6814122355626E-02 -3.4697835099422E-02  7.5710389635727E-16  7.5204249377817E-16  2.3583664926856E-01 -2.9181477690918E-02
 3.4522002830748E-01  9.0012872152495E-01 -1.4362968790155E-01 -1.8827575582766E-02 -4.3953619677256E-02  1.0233763559056E-15  2.6567939059344E-17  2.3591452354362E-01 -2.9221955989665E-02
 3.9529936507288E-01  9.3969419774711E-01 -9.9312373941752E-02 -2.0528936547148E-02 -5.4607120671569E-02 -1.2332421145914E-16  9.8104597111315E-16  2.3600218792963E-01 -2.9258136456942E-02
 4.4997011361895E-01  9.6948187252727E-01 -5.8409260035695E-02 -2.1853941921504E-02 -6.6690485616765E-02  1.3240355293179E-15 -2.8134266456999E-16  2.3609305932609E-01 -2.9288416410615E-02
 5.0957360672842E-01  9.8971585941038E-01 -2.4396685338970E-02 -2.2788472215288E-02 -8.0223136444858E-02  1.1222169199837E-15  3.6972006725418E-17  2.3617578175035E-01 -2.9307218702463E-02
 5.7449349700374E-01  1.0000000000000E+00  0.0000000000000E+00 -2.3370590855174E-02 -9.5204632505058E-02  9.8286341022095E-16  1.8801144569565E-16  2.3623276705828E-01 -2.9311478184653E-02
 6.4516129032258E-01  9.9894664826205E-01  1.3297947361485E-02 -2.3698896645776E-02 -1.1159808966179E-01  1.6639295823293E-15 -3.5076463550970E-16  2.3623779478649E-01 -2.9294047631452E-02
 7.2206280043514E-01  9.8419659593579E-01  1.5772490829776E-02 -2.3914112016666E-02 -1.2930281674742E-01  1.7206570549491E-15 -6.2769272310081E-16  2.3615366684902E-01 -2.9250083802917E-02
 8.0574569584327E-01  9.5303568902778E-01  9.7821709157055E-03 -2.4177693454213E-02 -1.4812432510931E-01  1.2175633036748E-15 -6.8214764732407E-16  2.3592898232223E-01 -2.9170249030437E-02
 8.9682834696002E-01  9.0351627021928E-01 -4.8773005603390E-04 -2.4620853812144E-02 -1.6775258930822E-01  2.2519273069189E-15 -3.5973948147980E-16  2.3549523648605E-01 -2.9046855476176E-02
 9.9601022724332E-01  8.3559492965477E-01 -1.0171304119761E-02 -2.5305007518082E-02 -1.8776441269067E-01  3.9378286453121E-16 -2.0687548098996E-16  2.3476368930994E-01 -2.8866848489099E-02
 1.1040841788897E+00  7.5142340325835E-01 -1.5565115088194E-02 -2.6189969915260E-02 -2.0765036214268E-01 -5.7932866990588E-16 -1.0158239719581E-15  2.3362364808794E-01 -2.8617977715415E-02
 1.2219509248095E+00  6.5431203608283E-01 -1.5638973426882E-02 -2.7159750332683E-02 -2.2684937512024E-01 -1.2617612976744E-15  6.4796373902056E-16  2.3194219064621E-01 -2.8282196786928E-02
 1.3506362979409E+00  5.4701016413373E-01 -1.1967450826945E-02 -2.8072530007749E-02 -2.4475557252831E-01 -7.1345588927972E-16 -6.1178611020667E-17  2.2956754478248E-01 -2.7842775608068E-02
 1.4913117716510E+00  4.3105303967450E-01 -6.9438544809826E-03 -2.8822498779386E-02 -2.6068828913567E-01 -6.0663427086602E-16  6.1936506984021E-16  2.2633675634449E-01 -2.7278994909112E-02
 1.6453190177622E+00  3.0812071361348E-01 -1.9439849625674E-03 -2.9343488529627E-02 -2.7386166950773E-01  5.5052617022669E-16  3.5036972316789E-16  2.2209002305025E-01 -2.6574714746650E-02
 1.8141994004940E+00  1.8219373327510E-01  2.9114771389988E-03 -2.9588114184098E-02 -2.8342161874139E-01 -5.3273539126697E-17 -1.1203960764970E-16  2.1669122431189E-01 -2.5714387502614E-02
 1.9997295470214E+00  6.0328241882096E-02  7.7816348618817E-03 -2.9498456405263E-02 -2.8857161187894E-01  6.5639360708597E-16 -1.3831889867418E-16  2.1005327612725E-01 -2.4692611545391E-02
 2.2039644338840E+00 -4.8422522331704E-02  1.2494856149470E-02 -2.9020455037458E-02 -2.8875488961921E-01 -1.2697362845683E-15  1.2163001895666E-15  2.0216107327505E-01 -2.3510157441300E-02
 2.4292898137085E+00 -1.3521358324818E-01  1.6627760010579E-02 -2.8117114840371E-02 -2.8383053495562E-01  1.8852718612107E-16 -6.6348195022036E-16  1.9308309623162E-01 -2.2181780786632E-02
 2.6784863059733E+00 -1.9411512572876E-01  1.9706378577461E-02 -2.6792396626047E-02 -2.7417759691075E-01  6.5515296364194E-16  9.0055357376098E-16  1.8296170460678E-01 -2.0728263137114E-02
 2.9548081253617E+00 -2.2447490862568E-01  2.1363561761899E-02 -2.5091828907455E-02 -2.6064697252490E-01 -1.3222983349904E-16  1.1433429918136E-15  1.7198203876413E-01 -1.9179082464785E-02
 3.2620802702989E+00 -2.3127732507436E-01  2.1510316431235E-02 -2.3103957253012E-02 -2.4433675566226E-01  5.4414876468892E-16 -2.0113537159666E-16  1.6033048825911E-01 -1.7560638250041E-02
 3.6048191074170E+00 -2.2273897069557E-01  2.0412512544053E-02 -2.0930900169265E-02 -2.2627981522056E-01 -2.7575246309244E-16 -3.5136824103354E-16  1.4816411267382E-01 -1.5899179447253E-02
 3.9883827509977E+00 -2.0655618709007E-01  1.8548907362821E-02 -1.8668005779293E-02 -2.0722174727560E-01  1.6609995169595E-17  5.7862187486814E-16  1.3560441942836E-01 -1.4213550272046E-02
 4.4191595630774E+00 -1.8752236252426E-01  1.6363931724877E-02 -1.6380581467928E-02 -1.8760022213522E-01  4.1615166067418E-16  4.1716282733033E-16  1.2275386287817E-01 -1.2523996860990E-02
 4.9048056364975E+00 -1.6766827961280E-01  1.4113254994464E-02 -1.4115108807987E-02 -1.6767335678194E-01 -2.1688157330916E-16 -5.2154882901662E-17  1.0971827594498E-01 -1.0848201563424E-02
 5.4545454545455E+00 -1.4765399962703E-01  1.1905382901296E-02 -1.1904919350581E-02 -1.4765403681377E-01 -1.1896332521415E-16 -1.4292361851870E-16  9.6623435275150E-02 -9.2097325885742E-03
 6.0795542687962E+00 -1.2777882529363E-01  9.7866199445303E-03 -9.7871456243874E-03 -1.2777891900617E-01  3.2092505629489E-16  4.7622966971694E-16  8.3622228779092E-02 -7.6317541346544E-03
 6.7934463423832E+00 -1.0832675493029E-01  7.7982228735542E-03 -7.7976871935838E-03 -1.0832667365208E-01  1.1803423481277E-16 -4.8191459390805E-16  7.0896914842840E-02 -6.1433595668935E-03
 7.6129002726496E+00 -8.9617847006161E-02  5.9772629839374E-03 -5.9778077971400E-03 -8.9617918802515E-02  4.2253111178065E-16 -3.3386084605095E-16  5.8657022493747E-02 -4.7716797871662E-03
 8.5584611558500E+00 -7.2005876057694E-02  4.3643755946893E-03 -4.3638227881635E-03 -7.2005812263762E-02  6.4493540788294E-16 -3.7314982673515E-17  4.7133709335586E-02 -3.5468568558204E-03
 9.6555688906727E+00 -5.5858566124824E-02  2.9905079299395E-03 -2.9910678075318E-03 -5.5858623286720E-02  3.9562751255287E-16  2.6049955264421E-16  3.6567784943392E-02 -2.4925640211211E-03
 1.0935870685435E+01 -4.1530938440249E-02  1.8818892953228E-03 -1.8813232047718E-03 -4.1530886687170E-02 -2.4450051294499E-16  1.4585475364600E-16  2.7191446431165E-02 -1.6294651107029E-03
 1.2438879256439E+01 -2.9324053424235E-02  1.0448723074634E-03 -1.0454436434874E-03 -2.9324100832097E-02 -5.1232037962485E-16 -5.3948098534993E-16  1.9201992436122E-02 -9.6452516727951E-04
 1.4214025594877E+01 -1.9438351269985E-02  4.7149398105427E-04 -4.7091870796473E-04 -1.9438307303287E-02 -8.4499843333240E-16  1.0645393407141E-15  1.2730729084237E-02 -4.9449728150428E-04
 1.6323103064291E+01 -1.1924154320369E-02  1.2724402598342E-04 -1.2782126101865E-04 -1.1924195595147E-02 -3.3516072626025E-17  4.0762287783262E-16  7.8110244633822E-03 -1.9720776171820E-04
 1.8842958547214E+01 -6.6490677519522E-03 -3.6078467462341E-05  3.6654551454500E-05 -6.6490285692026E-03  5.0286228832882E-16  9.3146894209824E-16  4.3565462272298E-03 -3.9847874124677E-05
 2.1867956415951E+01 -3.2967343860556E-03 -8.2396095933255E-05  8.1826064023692E-05 -3.2967719229839E-03  3.5286531614051E-16 -7.7479950410636E-17  2.1606795730630E-03  2.2509161901756E-05
 2.5511030361867E+01 -1.4156449604136E-03 -6.8071953555890E-05  6.8628487832836E-05 -1.4156087948999E-03 -4.4122468678705E-16 -2.6888642366161E-16  9.2812220606800E-04  3.1080494640077E-05
 2.9900709274659E+01 -5.1077489394122E-04 -3.9429293454244E-05  3.8896795585944E-05 -5.1080973183863E-04 -1.7145694258669E-16 -5.9313773157810E-16  3.3501756270117E-04  2.0957089856618E-05
 3.5168864215715E+01 -1.5016289437521E-04 -1.6334775315059E-05  1.6830183996548E-05 -1.5012963546485E-04 -2.3945274165597E-16  2.6479838647182E-16  9.8535563726204E-05  9.2673151923961E-06
 4.1419695291531E+01 -3.5047236309310E-05 -5.5768689343703E-06  5.1316459961377E-06 -3.5078306429026E-05 -3.8825874673875E-16  1.9694655932034E-17  2.3015661266038E-05  3.3197883063830E-06
 4.8665626607709E+01 -6.5037613583722E-06 -1.0565000871586E-06  1.4433034486728E-06 -6.4754567087750E-06  1.6526704222079E-17 -2.0607499274312E-16  4.2704626196762E-06  6.2959613076399E-07
 5.6716111653915E+01 -9.7391382558792E-07 -4.6262703281080E-07  1.3792105139312E-07 -9.9837608623961E-07  2.1388126018331E-16  1.3446517649871E-17  6.4297121627644E-07  2.9416089303419E-07
 6.5027225430406E+01 -1.6022452368485E-07  1.5781452882780E-07  1.3083230917077E-07 -1.3635229470426E-07 -7.4301244576019E-16 -6.3153337066579E-16  1.0306413707718E-07 -1.0520720982845E-07
 7.2587189964099E+01 -1.1927254530568E-08 -1.5870210466425E-07  7.3567517362950E-09 -2.2128423264037E-08 -3.1522855458571E-16 -5.8932570578205E-16  9.7175038147314E-09  1.0409766831647E-07
 7.8010805313165E+01 -3.4583535813328E-08  3.5081123955683E-07  1.5398569260063E-07  3.2661819391011E-09  1.0819234072147E-16  2.6681085979538E-16  1.8976551251746E-08 -2.3036378050623E-07
 8.0000000000000E+01 -6.2017974748016E-08  5.7986345476943E-07  2.6369375387041E-07  1.0620047565606E-08  5.1369306225356E-16  1.3040898811641E-15  0.0000000000000E+00  0.0000000000000E+00
