#  1.0000000000000E+00  0.0000000000000E+00  3.3506658002652E+02  2.4083673347019E+01
 0.0000000000000E+00 -5.3023870906915E-14  2.9142912753831E-14  9.0310835900479E-17 -1.7954454563516E-17  7.6007584521771E-31 -7.9610112006056E-30 -1.4531238624173E-01  9.6755822535769E-02
 1.6278238803763E-06  1.2815968549891E-02  1.6993658761300E-02 -6.8304227475745E-06  3.4586608665056E-06  2.0489001452438E-18  1.9880507467355E-18 -1.4522862890077E-01  9.6859546099124E-02
 6.5252375130256E-06  5.0679937555365E-02  6.6687123970949E-02 -7.7613809976995E-05  5.0447304916580E-05  3.1852076695070E-17 -6.0625200879884E-18 -1.4497663951272E-01  9.7171605161119E-02
 1.4734317007476E-05  1.1228139595659E-01  1.4479984030486E-01 -3.8807917010474E-04  2.5428063210805E-04  4.5868948510102E-17 -1.5272188484534E-17 -1.4392081137999E-01  9.8513719870461E-02
 2.6326030583797E-05  1.9666512982821E-01  2.4289116180429E-01 -1.1870620947617E-03  8.0024803889866E-04  7.7888218483119E-17  3.3909171399928E-17 -1.4111705169713E-01  1.0200896500854E-01
 4.1401527531684E-05  3.0428064468921E-01  3.4676155967900E-01 -2.7809466888422E-03  1.9583147522315E-03 -3.8528464170665E-17 -8.5359366202176E-17 -1.3522231905378E-01  1.0895341081718E-01
 6.0093997826685E-05  4.3671284957968E-01  4.3479119675498E-01 -5.4175619250967E-03  4.1011419751414E-03 -7.7437309885995E-17 -1.1733515331026E-16 -1.2441861557998E-01  1.2041543751556E-01
 8.2571160517986E-05  5.9355462761351E-01  4.7723357521199E-01 -9.1767412354611E-03  7.7337440159177E-03 -1.6376893095062E-16 -1.2818145754045E-16 -1.0633754022298E-01  1.3657606065873E-01
 1.0903846016960E-04  7.6491051725172E-01  4.3806463232661E-01 -1.3736428767596E-02  1.3476356879431E-02 -2.2025193441840E-16 -9.6377967942346E-17 -7.8199716697208E-02  1.5578101572791E-01
 1.3974307563011E-04  9.2037596610532E-01  2.8330268748753E-01 -1.8166538082787E-02  2.1924623950344E-02 -2.4309721044297E-16 -6.6740099023849E-19 -3.7581889675315E-02  1.7347399603811E-01
 1.7497887556660E-04  1.0000000000000E+00  0.0000000000000E+00 -2.0742039793843E-02  3.3255848854150E-02 -2.5402482462212E-16  3.0554506366560E-16  1.5660611860993E-02  1.8163165250192E-01
 2.1509249222601E-04  9.2184659942893E-01 -3.7311264604579E-01 -1.9179286051010E-02  4.6559855292485E-02 -2.3277845090432E-16  2.3017488794085E-16  7.6299099784973E-02  1.7006061305652E-01
 2.6049073097573E-04  6.2434966788453E-01 -7.1947352035692E-01 -1.1538036885226E-02  5.9167150620047E-02  5.8391334119021E-17  3.7728621781153E-16  1.3110037005639E-01  1.3124684168001E-01
 3.1164959119071E-04  1.4444588686898E-01 -8.6493722360687E-01  1.9905570116404E-03  6.6843182429496E-02 -1.6597528453248E-17  2.8548027943290E-16  1.6093000700224E-01  6.8543865834564E-02
 3.6912524778476E-04 -3.2882529334087E-01 -6.8800016834269E-01  1.7584832906751E-02  6.5859683686740E-02 -1.4098505355611E-16  2.9823541779044E-16  1.5181025473011E-01  1.6995043791365E-03
 4.3356743717456E-04 -5.4008185665571E-01 -2.7394127041795E-01  2.8803378865600E-02  5.6545967783330E-02  2.7350089559746E-16  2.9519868303939E-16  1.1035313664792E-01 -4.1418553528673E-02
 5.0573581349830E-04 -4.0868361904918E-01  8.5570958561621E-02  3.1433104388225E-02  4.4672248203027E-02 -2.6516365744465E-16  7.0604816738657E-17  6.4664596642590E-02 -4.8174415100704E-02
 5.8651999966105E-04 -1.5291768059350E-01  1.7346129714816E-01  2.7807942327420E-02  3.6922472906830E-02 -3.6570729078976E-18 -9.9763842216498E-17  3.9171312237327E-02 -3.4246563080538E-02
 6.7696426575348E-04 -2.8130628914518E-02  8.5978221800825E-02  2.3928782443503E-02  3.4376854926773E-02 -2.9036171542837E-17 -1.6431796960828E-16  3.2159450793137E-02 -2.2689894347076E-02
 7.7829804174625E-04 -2.9583575043865E-02  2.6627978991881E-02  2.2312107072630E-02  3.3433272462532E-02  2.2652289714476E-16 -1.7715605712262E-16  2.9684934263339E-02 -1.8687479990346E-02
 8.9197383580066E-04 -3.7973362250402E-02  2.2743817123898E-02  2.1546237827266E-02  3.2008268489634E-02  9.9305050295015E-17 -1.3828514969301E-17  2.6871617627867E-02 -1.6983297039089E-02
 1.0197146170006E-03 -3.2606686130279E-02  2.2732861432733E-02  2.0656572710508E-02  3.0418690246300E-02  3.4406328304516E-17  1.2577216827314E-16  2.4589243715436E-02 -1.5621038628308E-02
 1.1635733778772E-03 -2.9240847869049E-02  2.0221363665582E-02  1.9732878888504E-02  2.8864852801622E-02  3.5027900438026E-18 -5.2226867972355E-17  2.2871440736127E-02 -1.4603871440859E-02
 1.3260084825766E-03 -2.7251122114516E-02  1.8801015062476E-02  1.8781216588770E-02  2.7252208107004E-02 -2.7559603030045E-17 -6.9018307212952E-17  2.1419572511398E-02 -1.3785573572386E-02
 1.5099796225286E-03 -2.5432975619346E-02  1.7685280771079E-02  1.7774920410948E-02  2.5546583070740E-02  6.2396755696983E-17  2.6973173539191E-18  2.0033795987115E-02 -1.3015082617060E-02
 1.7190708730416E-03 -2.3618744528416E-02  1.6588340134223E-02  1.6694590068697E-02  2.3741716398575E-02 -6.9109425168249E-17 -5.7495379184490E-17  1.8613396129415E-02 -1.2227470332924E-02
 1.9576496563324E-03 -2.1722580388459E-02  1.5445482760434E-02  1.5545630207173E-02  2.1836185731585E-02  4.2588607167220E-17  7.4140217560540E-17  1.7121985437005E-02 -1.1386915168708E-02
 2.2310736321322E-03 -1.9736700621366E-02  1.4227997752123E-02  1.4319988608524E-02  1.9840143070235E-02  2.0254420982946E-17  8.8715421085373E-17  1.5559795667622E-02 -1.0498349134058E-02
 2.5459620285328E-03 -1.7671831545664E-02  1.2945864496032E-02  1.3030314101124E-02  1.7764222667537E-02  2.4648412764913E-17 -2.5429205234591E-17  1.3935631776808E-02 -9.5548153321637E-03
 2.9105542142753E-03 -1.5549257897039E-02  1.1601204168575E-02  1.1675180116781E-02  1.5630538388168E-02 -2.5633449919614E-17 -1.9255316516964E-17  1.2264809100777E-02 -8.5703438487910E-03
 3.3351871113213E-03 -1.3394069582542E-02  1.0208372308965E-02  1.0275389765758E-02  1.3463790956618E-02  9.2349839627030E-17 -2.0075289578924E-17  1.0568912279135E-02 -7.5449547935751E-03
 3.8329352806203E-03 -1.1244131679478E-02  8.7849214320503E-03  8.8399204602266E-03  1.1302841724005E-02  5.8843910695782E-17 -2.1195845085552E-17  8.8755892413546E-03 -6.4997891654003E-03
 4.4204742716186E-03 -9.1437272123911E-03  7.3536889052073E-03  7.4024421136253E-03  9.1909228139813E-03  1.2376748838919E-16  7.9945841520104E-18  7.2215687911205E-03 -5.4447101893453E-03
 5.1192500541960E-03 -7.1483214488854E-03  5.9504856472688E-03  5.9866752330969E-03  7.1856710368264E-03  6.2115519193940E-19 -1.1529972964320E-16  5.6487420420774E-03 -4.4113685445034E-03
 5.9570648911228E-03 -5.3189791005511E-03  4.6106856967489E-03  4.6419168278590E-03  5.3459899544605E-03 -6.8725152550149E-17 -5.2395264222056E-17  4.2065911941922E-03 -3.4214723030087E-03
 6.9702189165200E-03 -3.7176399488785E-03  3.3860356925430E-03  3.4054392775833E-03  3.7372029255063E-03  2.3568633353870E-18 -1.2145544658384E-16  2.9428289500901E-03 -2.5166374944608E-03
 8.2063622999276E-03 -2.3993604460804E-03  2.3173223543820E-03  2.3340030838836E-03  2.4110684944130E-03 -3.2585227628323E-18  2.8077895538242E-18  1.9018141797975E-03 -1.7245395965738E-03
 9.7281725937598E-03 -1.3966043905756E-03  1.4528516887807E-03  1.4597859402866E-03  1.4042491799327E-03 -4.1327561966715E-19 -2.3164922442920E-18  1.1088088613672E-03 -1.0833545190838E-03
 1.1617763916602E-02 -7.1181741743523E-04  8.0880028543781E-04  8.1599550468922E-04  7.1477110662832E-04 -7.3899152225185E-19 -1.3701166270239E-17  5.6649474673932E-04 -6.0403393048862E-04
 1.3981084412122E-02 -3.0424345461986E-04  3.8982331608251E-04  3.9007098423814E-04  3.0637139772512E-04  1.1835254669547E-17 -6.9849497411173E-18  2.4295366692011E-04 -2.9189139115470E-04
 1.6949835931489E-02 -1.0415689277983E-04  1.5286638098947E-04  1.5586842609280E-04  1.0402607115685E-04  3.8577010299324E-18  7.8716141534955E-18  8.3594535430762E-05 -1.1462150734519E-04
 2.0674363022045E-02 -2.6139460126623E-05  4.8708500743660E-05  4.7098726803501E-05  2.6869813593940E-05  5.6870150543568E-18  6.4657882139736E-18  2.1187171916931E-05 -3.6677368912523E-05
 2.5292470839605E-02 -4.9095932157872E-06  1.0289079444015E-05  1.2007853825102E-05  4.3724259417260E-06 -1.8019580402210E-17 -4.8708503253389E-18  4.0122557103180E-06 -7.7263765406268E-06
 3.0845580620275E-02 -2.8399359492436E-07  2.5739328959563E-06  1.2229917887793E-06  7.6588411098219E-07 -8.4755204372253E-18 -1.3641136374266E-17  2.7490041252613E-07 -1.9653953003238E-06
 3.7106519559325E-02 -2.2793812428483E-07 -2.8618712746285E-07  8.1345027860981E-07 -1.7838038105082E-07 -8.9059466832305E-18 -8.0235474970126E-18  1.6945723899786E-07  2.2936968900818E-07
 4.3332956856524E-02  1.3932276672481E-07  4.2854846650499E-07 -3.7086239646395E-07  1.4600525869437E-07  1.0749440826938E-18 -3.1597907703292E-18 -9.7605262176014E-08 -3.3320929293394E-07
 4.8152016990901E-02 -2.2273325097589E-07 -5.5512910139255E-07  5.8139892921340E-07 -2.3064310227161E-07 -3.3304028458011E-18  1.7053414088676E-18  1.5583090643223E-07  4.2692312647626E-07
 5.0000000000000E-02  0.0000000000000E+00  0.0000000000000E+00  0.0000000000000E+00  0.0000000000000E+00  0.0000000000000E+00  0.0000000000000E+00  0.0000000000000E+00  0.0000000000000E+00
