#  1.0000000000000E+00  0.0000000000000E+00  3.0804571874637E+02  1.6521448404564E+02
 0.0000000000000E+00  1.4864711586778E-15  3.1331128717051E-16  8.2047626594140E-18  2.0466905223904E-17 -7.4231691334520E-30  1.6644300756709E-29  6.5826591598368E-02  4.1406343428012E-02
 1.6278238803763E-06  1.4976178390697E-02  4.7784769335028E-03  3.5259045303581E-06 -2.8944884872694E-06  9.8743347295767E-18 -1.1393253206781E-17  6.5828657084694E-02  4.1403866866165E-02
 6.5252375130256E-06  5.9421336144963E-02  1.9440376064783E-02  5.1595604140715E-05 -4.9581801449083E-05 -2.5178508827836E-18 -1.2501064117329E-17  6.5835756836780E-02  4.1397180187551E-02
 1.4734317007476E-05  1.3199367030615E-01  4.4541203384630E-02  2.6277396782556E-04 -2.4848697697127E-04  3.9027609848803E-17 -1.0064266068110E-17  6.5847919892896E-02  4.1386554565974E-02
 2.6326030583797E-05  2.3073988489044E-01  7.9667482150932E-02  8.3253642781921E-04 -7.7838064415204E-04  1.9348119884081E-17  3.6951610589120E-17  6.5866178780538E-02  4.1372894004601E-02
 4.1401527531684E-05  3.5324577120390E-01  1.2167370482163E-01  2.0309312531646E-03 -1.8843701492751E-03  6.4122728946417E-17  6.7121934629839E-17  6.5892992119556E-02  4.1357526105407E-02
 6.0093997826685E-05  4.9608082832871E-01  1.6271969924564E-01  4.1699263371914E-03 -3.8911593630492E-03  5.3380739265493E-17  7.1461619870559E-17  6.5933077871432E-02  4.1341645338555E-02
 8.2571160517986E-05  6.5276816305675E-01  1.8889619153496E-01  7.5409335544416E-03 -7.2153635594629E-03  7.9504053952293E-17  4.7227909666815E-17  6.5994150563209E-02  4.1324506479249E-02
 1.0903846016960E-04  8.0943127307987E-01  1.8094688009401E-01  1.2284053752924E-02 -1.2372206641735E-02  2.1636026301237E-16  2.1430752704613E-17  6.6086743500204E-02  4.1299198489772E-02
 1.3974307563011E-04  9.3920462553666E-01  1.1989911384136E-01  1.8204297119938E-02 -1.9900510537781E-02  6.1338927536584E-17  1.0062072351473E-17  6.6221356575505E-02  4.1245426341122E-02
 1.7497887556660E-04  1.0000000000000E+00 -8.1138008009236E-17  2.4573864357480E-02 -3.0138011656473E-02  8.6443527243558E-17 -3.6427188825068E-17  6.6399671435041E-02  4.1120514704429E-02
 2.1509249222601E-04  9.4591906287031E-01 -1.5376588409184E-01  3.0120725127043E-02 -4.2787222088081E-02 -4.4928276838648E-17 -6.2335425609832E-17  6.6598051482650E-02  4.0855740795037E-02
 2.6049073097573E-04  7.5912429331404E-01 -2.7989515953025E-01  3.3439882328020E-02 -5.6477508404729E-02 -2.2136922204005E-16 -2.7525897250118E-17  6.6749354917738E-02  4.0369248293882E-02
 3.1164959119071E-04  4.8640162081042E-01 -3.1101593652012E-01  3.3887002933549E-02 -6.8851427225453E-02 -1.1440041883554E-16  3.4726332148931E-17  6.6745131781863E-02  3.9601367029683E-02
 3.6912524778476E-04  2.3048486123295E-01 -2.3693717995054E-01  3.2247165095594E-02 -7.7675042818330E-02  9.7625775832224E-17 -5.0820736742725E-17  6.6478639895042E-02  3.8547656914743E-02
 4.3356743717456E-04  7.0475710316421E-02 -1.2932730537710E-01  3.0143784042390E-02 -8.2347521313756E-02  1.4445383621719E-16 -4.1918333120600E-17  6.5905987951520E-02  3.7248029266085E-02
 5.0573581349830E-04 -5.6438942309299E-03 -6.6017819650270E-02  2.8413961864379E-02 -8.4017140606548E-02 -1.3178995648186E-16 -2.6421080606159E-17  6.5054041943288E-02  3.5737749202851E-02
 5.8651999966105E-04 -5.1108382668229E-02 -4.6516874045704E-02  2.6657150804164E-02 -8.3961726083464E-02 -9.3743860675827E-18  2.7260632468961E-17  6.3967613259039E-02  3.4033204915527E-02
 6.7696426575348E-04 -7.7945879047078E-02 -3.3012301061808E-02  2.4542681171379E-02 -8.2663510792063E-02  1.9799934738425E-17  4.3918623110450E-17  6.2678106885663E-02  3.2158305768781E-02
 7.7829804174625E-04 -8.1561924092286E-02 -2.2324993544737E-02  2.2342802477421E-02 -8.0545849263717E-02  5.4742635182420E-17 -3.4107380291831E-17  6.1212124781858E-02  3.0138299343195E-02
 8.9197383580066E-04 -7.8315785890225E-02 -1.9717545967252E-02  2.0118060237915E-02 -7.8105211320799E-02 -5.2933287791789E-18  4.7630788242009E-17  5.9580055499151E-02  2.7977921950343E-02
 1.0197146170006E-03 -7.6124728416926E-02 -1.7555070152587E-02  1.7750291778795E-02 -7.5427777137236E-02 -6.6403203282578E-17  3.3243978334563E-17  5.7769577605865E-02  2.5676389172434E-02
 1.1635733778772E-03 -7.3059544564959E-02 -1.4912356719109E-02  1.5261382239402E-02 -7.2470554954716E-02  1.0653935356710E-16 -6.9590352327359E-17  5.5762779786592E-02  2.3238711042030E-02
 1.3260084825766E-03 -6.9790279256132E-02 -1.2365082179786E-02  1.2667881221562E-02 -6.9228376784426E-02 -8.3511061250835E-17  1.2900341755084E-16  5.3540914802974E-02  2.0672370343964E-02
 1.5099796225286E-03 -6.6190440558476E-02 -9.6726186088453E-03  9.9864421227364E-03 -6.5674696045778E-02  5.2784759596434E-18 -1.0427783685760E-16  5.1083757975007E-02  1.7990509273947E-02
 1.7190708730416E-03 -6.2269294477167E-02 -6.9400969950296E-03  7.2473095770824E-03 -6.1791598999668E-02 -4.6933185340520E-17  3.6868974199966E-17  4.8371325465352E-02  1.5212918760441E-02
 1.9576496563324E-03 -5.7989223278378E-02 -4.1857026747607E-03  4.4886397421337E-03 -5.7561080486968E-02  2.4520836517657E-17  4.6920650763204E-17  4.5384858243247E-02  1.2368627900607E-02
 2.2310736321322E-03 -5.3357160868249E-02 -1.4669057846575E-03  1.7628490867178E-03 -5.2974037618514E-02  7.7943217820936E-17 -1.6055105526625E-17  4.2108960831915E-02  9.4974086578225E-03
 2.5459620285328E-03 -4.8361196429442E-02  1.1490567210802E-03 -8.6382425640123E-04 -4.8030166514183E-02 -1.2759563012760E-17 -2.7925721908001E-17  3.8534678214070E-02  6.6529676543901E-03
 2.9105542142753E-03 -4.3028529732159E-02  3.5802174816762E-03 -3.3075477764316E-03 -4.2747132272729E-02  1.0404194461468E-17  6.2666629870163E-18  3.4663804581212E-02  3.9041918802343E-03
 3.3351871113213E-03 -3.7394099431634E-02  5.7234079856146E-03 -5.4685840014675E-03 -3.7165672339535E-02  8.8031525910255E-17  3.9095490581975E-17  3.0515181028444E-02  1.3374131428765E-03
 3.8329352806203E-03 -3.1539513815865E-02  7.4663430130488E-03 -7.2319920684949E-03 -3.1361209082696E-02 -2.9422970070978E-17  1.1632722393112E-17  2.6132384078040E-02 -9.4530994133993E-04
 4.4204742716186E-03 -2.5581757888984E-02  8.6850721782212E-03 -8.4768945538649E-03 -2.5452931105261E-02  2.1904519159552E-17  1.2154156211445E-17  2.1593609318671E-02 -2.8295014857738E-03
 5.1192500541960E-03 -1.9699371670266E-02  9.2686920094805E-03 -9.0895192538252E-03 -1.9614686466541E-02 -2.4311994342173E-17 -2.1755911831712E-17  1.7020966585673E-02 -4.1999035835839E-03
 5.9570648911228E-03 -1.4123950564717E-02  9.1357288422927E-03 -8.9900373777699E-03 -1.4078038329977E-02 -3.9907831501543E-17 -4.0039114728240E-18  1.2587628820160E-02 -4.9585851574125E-03
 6.9702189165200E-03 -9.1394095951375E-03  8.2774353511423E-03 -8.1659977183061E-03 -9.1233242733445E-03  7.9495999357236E-18  7.2883409073464E-17  8.5144744839057E-03 -5.0556050234268E-03
 8.2063622999276E-03 -5.0403907642105E-03  6.7915629675012E-03 -6.7146748047374E-03 -5.0447222354248E-03  3.1016388176912E-18 -9.4865872793659E-19  5.0490261072837E-03 -4.5246783089559E-03
 9.7281725937598E-03 -2.0678929239902E-03  4.9156164098458E-03 -4.8687867800680E-03 -2.0821491262523E-03 -1.7357312466057E-18  2.2847564915571E-18  2.4143466808686E-03 -3.5160174960469E-03
 1.1617763916602E-02 -3.0814149623065E-04  3.0051041714854E-03 -2.9823244708000E-03 -3.2371159121976E-04  1.7773326240134E-18 -1.1250944081379E-19  7.3058474217866E-04 -2.2959283922837E-03
 1.3981084412122E-02  3.9059386594484E-04  1.4422006329275E-03 -1.4342259214600E-03  3.7928055026891E-04 -1.6614239253537E-18 -3.3453000842650E-18 -6.6097450954026E-05 -1.1856395442166E-03
 1.6949835931489E-02  4.1092913284648E-04  4.6875507486511E-04 -4.6804484850572E-04  4.0524183888740E-04  2.9745310914787E-18 -2.4493127616977E-19 -2.3955246025822E-04 -4.3117714890265E-04
 2.0674363022045E-02  2.0283618326374E-04  6.0212384532669E-05 -6.0902856267279E-05  2.0101220088512E-04 -9.1615283284949E-19 -1.7150512660228E-18 -1.4565954174085E-04 -8.0666041729871E-05
 2.5292470839605E-02  5.2303757231036E-05 -2.1958480848568E-05  2.1388164933159E-05  5.2104651081492E-05  5.5239355497384E-19 -1.3693619158093E-18 -4.3645509212889E-05  7.6749062477845E-06
 3.0845580620275E-02  4.3523722184060E-06 -1.1227811918929E-05  1.1195057616241E-05  4.3534888834339E-06 -1.8046744935069E-18 -9.5889300044429E-19 -5.2821133549129E-06  7.7073020180368E-06
 3.7106519559325E-02 -1.1135892538661E-06 -1.9043121920647E-06  1.8433336060913E-06 -1.0566706341632E-06 -9.4597143098627E-20 -6.7031089146725E-18  4.9182611630681E-07  1.6182138337322E-06
 4.3332956856524E-02 -3.8436159027652E-07 -8.9729339473007E-08  1.3657780550020E-07 -4.0509218417809E-07  4.0729949668704E-18 -2.0203250248610E-18  2.6141704303113E-07  1.4135550882760E-07
 4.8152016990901E-02 -1.6544887256379E-07  7.1726154442088E-08 -1.1910164425487E-07 -1.1097351099915E-07 -2.9541658320642E-18  7.3322508847533E-18  1.3897509604964E-07 -2.4142320109155E-08
 5.0000000000000E-02  0.0000000000000E+00  0.0000000000000E+00  0.0000000000000E+00  0.0000000000000E+00  0.0000000000000E+00  0.0000000000000E+00  0.0000000000000E+00  0.0000000000000E+00
