 0.000000E+00  4.408726E-15  2.213712E-01  0.000000E+00  0.000000E+00
 1.703237E-02  3.770482E-03  2.213717E-01  0.000000E+00  0.000000E+00
 6.827111E-02  1.511327E-02  2.213708E-01  0.000000E+00  0.000000E+00
 1.541436E-01  3.412274E-02  2.213650E-01  0.000000E+00  0.000000E+00
 2.753702E-01  6.095651E-02  2.213336E-01  0.000000E+00  0.000000E+00
 4.329769E-01  9.583283E-02  2.212244E-01  0.000000E+00  0.000000E+00
 6.283136E-01  1.390201E-01  2.209218E-01  0.000000E+00  0.000000E+00
 8.630777E-01  1.908095E-01  2.202081E-01  0.000000E+00  0.000000E+00
 1.139346E+00  2.514570E-01  2.187050E-01  0.000000E+00  0.000000E+00
 1.459610E+00  3.210731E-01  2.158059E-01  0.000000E+00  0.000000E+00
 1.826831E+00  3.994329E-01  2.106041E-01  0.000000E+00  0.000000E+00
 2.244488E+00  4.856771E-01  2.018572E-01  0.000000E+00  0.000000E+00
 2.716656E+00  5.778953E-01  1.880636E-01  0.000000E+00  0.000000E+00
 3.248089E+00  6.726578E-01  1.677865E-01  0.000000E+00  0.000000E+00
 3.844320E+00  7.647153E-01  1.403664E-01  0.000000E+00  0.000000E+00
 4.511789E+00  8.473092E-01  1.069833E-01  0.000000E+00  0.000000E+00
 5.257996E+00  9.136134E-01  7.149689E-02  0.000000E+00  0.000000E+00
 6.091677E+00  9.593079E-01  3.987362E-02  0.000000E+00  0.000000E+00
 7.023038E+00  9.849629E-01  1.743127E-02  0.000000E+00  0.000000E+00
 8.064017E+00  9.959609E-01  5.522884E-03  0.000000E+00  0.000000E+00
 9.228632E+00  9.992847E-01  1.149004E-03  0.000000E+00  0.000000E+00
 1.053338E+01  9.999264E-01  1.383914E-04  0.000000E+00  0.000000E+00
 1.199777E+01  9.999963E-01  8.195403E-06  0.000000E+00  0.000000E+00
 1.364492E+01  9.999999E-01  1.969547E-07  0.000000E+00  0.000000E+00
 1.550241E+01  1.000000E+00 -2.542300E-09  0.000000E+00  0.000000E+00
 1.760322E+01  1.000000E+00  3.725977E-09  0.000000E+00  0.000000E+00
 1.998699E+01  1.000000E+00 -3.336656E-09  0.000000E+00  0.000000E+00
 2.270166E+01  1.000000E+00  2.868462E-09  0.000000E+00  0.000000E+00
 2.580537E+01  1.000000E+00 -2.406421E-09  0.000000E+00  0.000000E+00
 2.936910E+01  1.000000E+00  1.995551E-09  0.000000E+00  0.000000E+00
 3.347978E+01  1.000000E+00 -1.650293E-09  0.000000E+00  0.000000E+00
 3.824445E+01  1.000000E+00  1.367961E-09  0.000000E+00  0.000000E+00
 4.379524E+01  1.000000E+00 -1.138425E-09  0.000000E+00  0.000000E+00
 5.029569E+01  1.000000E+00  9.498812E-10  0.000000E+00  0.000000E+00
 5.794819E+01  1.000000E+00 -7.918496E-10  0.000000E+00  0.000000E+00
 6.700240E+01  1.000000E+00  6.564402E-10  0.000000E+00  0.000000E+00
 7.776363E+01  1.000000E+00 -5.385763E-10  0.000000E+00  0.000000E+00
 9.059878E+01  1.000000E+00  4.356041E-10  0.000000E+00  0.000000E+00
 1.059342E+02  1.000000E+00 -3.465860E-10  0.000000E+00  0.000000E+00
 1.242346E+02  1.000000E+00  2.715112E-10  0.000000E+00  0.000000E+00
 1.459424E+02  1.000000E+00 -2.106325E-10  0.000000E+00  0.000000E+00
 1.713431E+02  1.000000E+00  1.640880E-10  0.000000E+00  0.000000E+00
 2.003124E+02  1.000000E+00 -1.319017E-10  0.000000E+00  0.000000E+00
 2.319141E+02  1.000000E+00  1.142623E-10  0.000000E+00  0.000000E+00
 2.639107E+02  1.000000E+00 -1.108640E-10  0.000000E+00  0.000000E+00
 2.924762E+02  1.000000E+00  1.124255E-10  0.000000E+00  0.000000E+00
 3.126606E+02  1.000000E+00 -7.445436E-11  0.000000E+00  0.000000E+00
 3.200000E+02  1.000000E+00  9.628026E-11  0.000000E+00  0.000000E+00
