#  1.0000000000000E+00  0.0000000000000E+00  8.5863376432451E-02  1.6932700155846E-03
 0.0000000000000E+00  1.2562302647415E-17 -1.7765448855966E-17 -4.4954135493317E-19  3.0675138848358E-17 -6.4036642809434E-33 -8.3650109954562E-33  2.0857021711724E-01 -1.5686448481983E-02
 1.7032370180713E-02  1.7913992779635E-02 -1.5639056103847E-02 -1.4626194791782E-05 -1.1835957748339E-05  1.5470807169682E-17 -5.6061184186040E-18  2.0856767683246E-01 -1.5690932657805E-02
 6.8271113974592E-02  7.1870881987057E-02 -5.7105447523124E-02 -1.5800715513708E-04 -1.9954704135978E-04  3.9848273773404E-19 -3.6955975090658E-18  2.0855116781287E-01 -1.5716172424916E-02
 1.5414356843121E-01  1.6119073772881E-01 -1.0965582076066E-01 -7.2705056995232E-04 -1.0127724295082E-03  3.5769017355903E-17 -2.7588259051960E-17  2.0853260945780E-01 -1.5749886859307E-02
 2.7537015616375E-01  2.8148462157927E-01 -1.5389570017860E-01 -1.9728163120236E-03 -3.1940558203855E-03  1.5885721992243E-17 -4.1344990539046E-17  2.0852050384958E-01 -1.5804935363360E-02
 4.3297692419124E-01  4.2298312462679E-01 -1.7252453379071E-01 -3.9581745396300E-03 -7.7003127102063E-03  2.1765007832325E-17 -9.0169059131621E-17  2.0852995218092E-01 -1.5867299556762E-02
 6.2831360422630E-01  5.7203059463268E-01 -1.5710328095682E-01 -6.3579905341309E-03 -1.5578853545773E-02  1.0005587416227E-17 -9.9795753033642E-17  2.0857032017036E-01 -1.5947085722744E-02
 8.6307772618860E-01  7.1509960700094E-01 -1.1219755317852E-01 -8.5630835566920E-03 -2.7809198277041E-02 -6.2594319591901E-17 -1.1219185754676E-16  2.0864678741430E-01 -1.6026069868947E-02
 1.1393455073020E+00  8.4164866662636E-01 -5.5087493860812E-02 -9.8590488695865E-03 -4.5210140844254E-02 -2.2385202116291E-16 -1.9459888372100E-16  2.0873951563568E-01 -1.6109586537229E-02
 1.4596104617659E+00  9.4189285433204E-01 -1.0495680282274E-02 -9.8962016651341E-03 -6.8354189473733E-02 -2.4631760892117E-16 -1.9244047697521E-16  2.0879355598367E-01 -1.6175205014868E-02
 1.8268309414969E+00  1.0000000000000E+00  0.0000000000000E+00 -9.0184820548446E-03 -9.7361071363888E-02 -5.3435046219339E-16 -3.2850191878039E-17  2.0868493627377E-01 -1.6225561922226E-02
 2.2444881402714E+00  9.9168807443490E-01 -2.7366091397517E-02 -8.3945815809844E-03 -1.3137398987127E-01 -7.0460403990316E-16  3.0894060560692E-16  2.0820208445924E-01 -1.6235914126160E-02
 2.7166564887548E+00  8.9744651613370E-01 -6.9672592758310E-02 -9.3301050402841E-03 -1.6798947576983E-01 -4.9630559411493E-16  7.6195317162979E-16  2.0701869843119E-01 -1.6205139127850E-02
 3.2480888581126E+00  7.2515897571680E-01 -9.1928801593778E-02 -1.2233002761131E-02 -2.0338121233365E-01 -9.0564935518031E-17  6.6163935634924E-16  2.0470941383700E-01 -1.6102298047806E-02
 3.8443196031563E+00  5.1057396627914E-01 -8.0585582935806E-02 -1.6131068509066E-02 -2.3350468674719E-01  7.0224416373539E-17 -5.4050518382270E-16  2.0079318960329E-01 -1.5917734966441E-02
 4.5117892486379E+00  2.8889667453542E-01 -5.2225281026862E-02 -1.9739142982843E-02 -2.5521091186077E-01 -7.1296210099663E-16 -1.3052784424927E-15  1.9485562722964E-01 -1.5608339461480E-02
 5.2579956017723E+00  8.3466433820755E-02 -2.4616572294254E-02 -2.2396736366390E-02 -2.6636889889710E-01 -1.2316660768954E-15 -2.9270355875604E-16  1.8669604308725E-01 -1.5156761897688E-02
 6.0916773224080E+00 -7.9577783871616E-02 -2.4315680152461E-03 -2.3912623623389E-02 -2.6615473361764E-01  5.2808833397821E-17  4.3448064544802E-16  1.7645071351165E-01 -1.4535745778223E-02
 7.0230375809715E+00 -1.7853768059861E-01  1.2558654427758E-02 -2.4169578162961E-02 -2.5591672280474E-01  1.4964091979157E-15  5.9515940011862E-16  1.6455933200400E-01 -1.3772420256080E-02
 8.0640174905072E+00 -2.1572790682678E-01  1.9585321595648E-02 -2.3352119217650E-02 -2.3885288199115E-01 -1.0375941638701E-16 -2.2455924874546E-16  1.5159526263300E-01 -1.2889554698208E-02
 9.2286316536438E+00 -2.1383281148370E-01  2.1011574277589E-02 -2.1843530022518E-02 -2.1834718458754E-01 -1.8720763214309E-15  7.9151908052006E-16  1.3804346847560E-01 -1.1940511113838E-02
 1.0533381602815E+01 -1.9609289303429E-01  1.9916305864248E-02 -2.0036568581457E-02 -1.9659893704415E-01 -2.1915182875020E-16 -8.0995315470023E-16  1.2422290491832E-01 -1.0940375524608E-02
 1.1997767373474E+01 -1.7456522908700E-01  1.8110889301537E-02 -1.8115157960581E-02 -1.7459153442177E-01  6.4515232048573E-16 -1.2344646749610E-16  1.1033428232473E-01 -9.9185361548851E-03
 1.3644923246653E+01 -1.5274030161998E-01  1.6164142466710E-02 -1.6168809700556E-02 -1.5274008848195E-01 -5.8409770110678E-16  3.6111926051359E-16  9.6552440694484E-02 -8.8725549785670E-03
 1.5502411224315E+01 -1.3135182655212E-01  1.4213659869596E-02 -1.4209023970638E-02 -1.3135133371864E-01 -1.0669903762429E-15 -5.3224798040852E-16  8.3056557059081E-02 -7.8271608603718E-03
 1.7603215546271E+01 -1.1073561394294E-01  1.2274815445837E-02 -1.2279460014238E-02 -1.1073483048056E-01 -1.2251569328092E-15 -1.2315612854122E-17  7.0045274814038E-02 -6.7819698573459E-03
 1.9986994091474E+01 -9.1221406127366E-02  1.0395388093123E-02 -1.0390578288343E-02 -9.1221334857757E-02  2.8239471608370E-15 -9.5970596444317E-16  5.7723215962689E-02 -5.7657193125456E-03
 2.2701658429822E+01 -7.3138990361952E-02  8.5873523209296E-03 -8.5921680231919E-03 -7.3138196536607E-02 -1.2176178136852E-15  8.3128423941289E-16  4.6301283924262E-02 -4.7817802665802E-03
 2.5805374082107E+01 -5.6801231053528E-02  6.9041906926962E-03 -6.8992531446611E-03 -5.6801503117046E-02  4.2298306159738E-15 -9.6119269865011E-16  3.5975381922867E-02 -3.8621185170675E-03
 2.9369096201206E+01 -4.2479882926733E-02  5.3587858693791E-03 -5.3637382173677E-03 -4.2479088210489E-02 -8.2642996294305E-16 -6.1082462160712E-15  2.6919596252105E-02 -3.0116443110752E-03
 3.3479782119540E+01 -3.0372681679194E-02  4.0029026823875E-03 -3.9978622052790E-03 -3.0373207713499E-02  6.4031035440493E-16 -4.9194132193485E-16  1.9258607007257E-02 -2.2618167237009E-03
 3.8244446755240E+01 -2.0579073765141E-02  2.8402364396708E-03 -2.8452991199590E-03 -2.0578274117336E-02 -1.8505260680933E-15  2.4184354230243E-15  1.3057692775106E-02 -1.6135576011785E-03
 4.3795239016170E+01 -1.3067399717415E-02  1.9075196024722E-03 -1.9024004900651E-03 -1.3068094608683E-02  2.3181014574475E-15 -9.5759339353043E-16  8.2976266262973E-03 -1.0906000843788E-03
 5.0295692902126E+01 -7.6723431639148E-03  1.1849719908646E-03 -1.1901056404741E-03 -7.6715287233937E-03 -4.5782425734876E-16 -1.1152975824724E-15  4.8760838620068E-03 -6.8161539805351E-04
 5.7948194481705E+01 -4.0938538102318E-03  6.8095572722942E-04 -6.7580958614553E-04 -4.0946442222745E-03  2.0916942743015E-15  2.0035829886302E-16  2.6042632719214E-03 -3.9467155865087E-04
 6.7002399898277E+01 -1.9453403014143E-03  3.4481169269947E-04 -3.4992772724596E-04 -1.9445105876345E-03  2.0221685287212E-15 -1.4962019452771E-16  1.2388777286426E-03 -2.0109498744572E-04
 7.7763631737686E+01 -8.0104271122319E-04  1.5862062663013E-04 -1.5357822685829E-04 -8.0186682248853E-04 -7.6057670508961E-17 -7.2087640180669E-16  5.1074510641408E-04 -9.3402441669502E-05
 9.0598776876450E+01 -2.7817714273316E-04  5.6754757645042E-05 -6.1649226618310E-05 -2.7735737937925E-04  3.6483454357051E-16  9.1244698366079E-16  1.7760982034930E-04 -3.3539512006182E-05
 1.0593420764638E+02 -7.7616164151613E-05  2.1051507272342E-05 -1.6400509886028E-05 -7.8409412057318E-05 -1.1144533363585E-17 -1.1586254158814E-15  4.9635778263966E-05 -1.2662681130515E-05
 1.2423464719110E+02 -1.7494560297922E-05  2.2121075525443E-06 -6.5058008501509E-06 -1.6746711620814E-05  9.8819453562802E-16 -4.1597848898615E-16  1.1197707211773E-05 -1.2674976961279E-06
 1.4594241120273E+02 -2.4248042409237E-06  2.9616768095155E-06  8.6742969443589E-07 -3.1057745371297E-06  1.3463508848895E-16 -1.1125492070446E-15  1.5654763235432E-06 -1.8464290006455E-06
 1.7134306534494E+02 -6.7694057687316E-07 -1.7419359837903E-06 -1.5530277271578E-06 -7.9171569827483E-08  3.5235951987796E-16 -3.3162259422173E-16  4.2511106374234E-07  1.0992676541080E-06
 2.0031238977363E+02  2.7144194680806E-07  1.6167516439445E-06  1.1355493909593E-06 -2.3668352054052E-07 -7.8014619881617E-16 -5.8201765006569E-16 -1.6479034744613E-07 -1.0181701835335E-06
 2.3191408163774E+02 -2.6801241417220E-07 -1.3910803987265E-06 -8.6857307394801E-07  1.5446925978260E-07  6.0612721494520E-16  4.5935605066040E-16  1.6317141155416E-07  8.7624435984067E-07
 2.6391067359163E+02  2.4889139395525E-07  1.2751264676112E-06  6.2740187566015E-07 -1.1379118736133E-07  8.6516142863229E-16 -3.5029762980412E-16 -1.5094143319920E-07 -8.0329172069945E-07
 2.9247617660292E+02 -1.9948592772110E-07 -1.0587613991911E-06 -1.7872200953046E-07  1.8211120965225E-08 -3.1665535564143E-16 -1.3016033766010E-15  1.2035334639451E-07  6.6653908815051E-07
 3.1266060966822E+02  4.4099974451833E-07  2.2705485244494E-06  9.6252106331580E-07 -1.8474075578932E-07 -1.0848861379500E-17 -3.9548990278988E-16 -2.6747446029532E-07 -1.4280377398418E-06
 3.2000000000000E+02  0.0000000000000E+00  0.0000000000000E+00  1.8764605556014E-06 -3.4144664530522E-07  0.0000000000000E+00  0.0000000000000E+00  0.0000000000000E+00  0.0000000000000E+00
