#  1.0000000000000E+00  0.0000000000000E+00  8.5863376432451E-02  1.6932700155846E-03
 0.0000000000000E+00  1.2562302647415E-17 -1.7765448855966E-17 -4.4954135493317E-19  3.0675138848358E-17 -6.4036642809434E-33 -8.3650109954562E-33  2.0857021711724E-01 -1.5686448481983E-02
 1.7032370180713E-02  1.7913992779634E-02 -1.5639056103847E-02 -1.4626194789852E-05 -1.1835957754309E-05  1.0227618689730E-17 -3.8163822203959E-18  2.0856767683246E-01 -1.5690932657806E-02
 6.8271113974592E-02  7.1870881987054E-02 -5.7105447523129E-02 -1.5800715513709E-04 -1.9954704135976E-04  3.6560044414594E-18  7.5779382569124E-18  2.0855116781286E-01 -1.5716172424917E-02
 1.5414356843121E-01  1.6119073772880E-01 -1.0965582076066E-01 -7.2705056995538E-04 -1.0127724295134E-03  2.2396779993011E-17 -6.3133876590484E-18  2.0853260945780E-01 -1.5749886859306E-02
 2.7537015616375E-01  2.8148462157927E-01 -1.5389570017862E-01 -1.9728163120236E-03 -3.1940558203847E-03  1.5446189070473E-17  2.6791673493983E-18  2.0852050384958E-01 -1.5804935363361E-02
 4.3297692419124E-01  4.2298312462677E-01 -1.7252453379073E-01 -3.9581745396284E-03 -7.7003127102127E-03  4.1903315606755E-17 -1.7597524456829E-17  2.0852995218092E-01 -1.5867299556761E-02
 6.2831360422630E-01  5.7203059463266E-01 -1.5710328095683E-01 -6.3579905341308E-03 -1.5578853545771E-02  5.5213066182384E-17  1.2543029347972E-18  2.0857032017036E-01 -1.5947085722744E-02
 8.6307772618860E-01  7.1509960700092E-01 -1.1219755317856E-01 -8.5630835566903E-03 -2.7809198277040E-02  6.9635353486522E-17 -7.5439635114784E-17  2.0864678741430E-01 -1.6026069868947E-02
 1.1393455073020E+00  8.4164866662637E-01 -5.5087493860866E-02 -9.8590488695911E-03 -4.5210140844250E-02 -7.6754587265436E-17 -1.7531147189049E-16  2.0873951563568E-01 -1.6109586537230E-02
 1.4596104617659E+00  9.4189285433203E-01 -1.0495680282285E-02 -9.8962016651370E-03 -6.8354189473733E-02 -1.6709453858972E-16 -1.3472034563182E-16  2.0879355598367E-01 -1.6175205014868E-02
 1.8268309414969E+00  9.9999999999999E-01 -3.2592923991976E-14 -9.0184820548461E-03 -9.7361071363884E-02 -2.0569417897676E-16 -1.2175423788441E-16  2.0868493627377E-01 -1.6225561922225E-02
 2.2444881402714E+00  9.9168807443489E-01 -2.7366091397534E-02 -8.3945815809852E-03 -1.3137398987127E-01 -4.9867567544899E-16 -1.0268582985720E-16  2.0820208445924E-01 -1.6235914126159E-02
 2.7166564887548E+00  8.9744651613367E-01 -6.9672592758303E-02 -9.3301050402805E-03 -1.6798947576983E-01 -7.0034955332446E-16  2.9022807483814E-16  2.0701869843119E-01 -1.6205139127850E-02
 3.2480888581126E+00  7.2515897571679E-01 -9.1928801593777E-02 -1.2233002761135E-02 -2.0338121233365E-01 -2.4263862338437E-16  2.3625223349127E-16  2.0470941383700E-01 -1.6102298047806E-02
 3.8443196031563E+00  5.1057396627912E-01 -8.0585582935817E-02 -1.6131068509075E-02 -2.3350468674718E-01  2.7184279833258E-16  1.9720945287669E-16  2.0079318960329E-01 -1.5917734966443E-02
 4.5117892486379E+00  2.8889667453543E-01 -5.2225281026897E-02 -1.9739142982859E-02 -2.5521091186076E-01 -1.4336280745910E-16 -8.5997693065877E-16  1.9485562722964E-01 -1.5608339461480E-02
 5.2579956017723E+00  8.3466433820741E-02 -2.4616572294285E-02 -2.2396736366389E-02 -2.6636889889709E-01 -3.8818075046590E-16 -1.6896340868442E-16  1.8669604308725E-01 -1.5156761897686E-02
 6.0916773224080E+00 -7.9577783871636E-02 -2.4315680152504E-03 -2.3912623623387E-02 -2.6615473361764E-01  1.8241208464917E-16  2.1063173019833E-16  1.7645071351166E-01 -1.4535745778222E-02
 7.0230375809715E+00 -1.7853768059859E-01  1.2558654427769E-02 -2.4169578162971E-02 -2.5591672280473E-01  4.5101163549003E-16  5.7997689872763E-16  1.6455933200400E-01 -1.3772420256080E-02
 8.0640174905072E+00 -2.1572790682679E-01  1.9585321595666E-02 -2.3352119217655E-02 -2.3885288199115E-01  2.3347876372523E-16 -2.3825403247455E-16  1.5159526263300E-01 -1.2889554698207E-02
 9.2286316536438E+00 -2.1383281148370E-01  2.1011574277594E-02 -2.1843530022523E-02 -2.1834718458754E-01 -7.8683061738125E-16 -5.0044888570313E-17  1.3804346847560E-01 -1.1940511113837E-02
 1.0533381602815E+01 -1.9609289303429E-01  1.9916305864248E-02 -2.0036568581466E-02 -1.9659893704415E-01 -1.0172044358501E-17 -3.3930068616509E-16  1.2422290491832E-01 -1.0940375524608E-02
 1.1997767373474E+01 -1.7456522908700E-01  1.8110889301539E-02 -1.8115157960572E-02 -1.7459153442177E-01  4.2663624564371E-18 -1.4933447294992E-16  1.1033428232473E-01 -9.9185361548848E-03
 1.3644923246653E+01 -1.5274030161998E-01  1.6164142466717E-02 -1.6168809700550E-02 -1.5274008848195E-01 -2.4091910621129E-16  1.7590846732738E-16  9.6552440694484E-02 -8.8725549785668E-03
 1.5502411224315E+01 -1.3135182655212E-01  1.4213659869601E-02 -1.4209023970634E-02 -1.3135133371864E-01 -1.3813019701423E-16 -1.4302025707679E-16  8.3056557059083E-02 -7.8271608603724E-03
 1.7603215546271E+01 -1.1073561394293E-01  1.2274815445839E-02 -1.2279460014228E-02 -1.1073483048056E-01 -4.7667935051516E-16 -1.8597125479455E-17  7.0045274814039E-02 -6.7819698573471E-03
 1.9986994091474E+01 -9.1221406127354E-02  1.0395388093118E-02 -1.0390578288344E-02 -9.1221334857761E-02  1.0550811652994E-15 -2.9146971798520E-16  5.7723215962689E-02 -5.7657193125467E-03
 2.2701658429822E+01 -7.3138990361949E-02  8.5873523209312E-03 -8.5921680231510E-03 -7.3138196536608E-02 -6.3082767770938E-16  1.8019548201345E-16  4.6301283924262E-02 -4.7817802665809E-03
 2.5805374082107E+01 -5.6801231053520E-02  6.9041906926957E-03 -6.8992531446649E-03 -5.6801503117041E-02  3.0866752538695E-15 -1.6532278827207E-15  3.5975381922872E-02 -3.8621185170653E-03
 2.9369096201206E+01 -4.2479882926721E-02  5.3587858693700E-03 -5.3637382173715E-03 -4.2479088210469E-02 -7.1715343442348E-16 -5.7795424341138E-15  2.6919596252106E-02 -3.0116443110748E-03
 3.3479782119540E+01 -3.0372681679185E-02  4.0029026823825E-03 -3.9978622052982E-03 -3.0373207713504E-02  1.0717076483111E-15 -5.3279909750245E-16  1.9258607007258E-02 -2.2618167236994E-03
 3.8244446755240E+01 -2.0579073765138E-02  2.8402364396728E-03 -2.8452991199657E-03 -2.0578274117328E-02 -1.2068532366619E-15  2.7641779428381E-15  1.3057692775103E-02 -1.6135576011766E-03
 4.3795239016170E+01 -1.3067399717414E-02  1.9075196024809E-03 -1.9024004900684E-03 -1.3068094608682E-02  2.1170295509277E-15 -1.0916141454519E-15  8.2976266262977E-03 -1.0906000843815E-03
 5.0295692902126E+01 -7.6723431639145E-03  1.1849719908677E-03 -1.1901056404804E-03 -7.6715287233919E-03  3.0608321500032E-16 -1.1180147408543E-16  4.8760838620072E-03 -6.8161539805217E-04
 5.7948194481705E+01 -4.0938538102356E-03  6.8095572722988E-04 -6.7580958615236E-04 -4.0946442222809E-03  5.4978566188952E-16 -5.2683709558688E-16  2.6042632719175E-03 -3.9467155865156E-04
 6.7002399898277E+01 -1.9453403014196E-03  3.4481169270018E-04 -3.4992772725241E-04 -1.9445105876352E-03  2.0590967823464E-15  5.5283795911385E-17  1.2388777286443E-03 -2.0109498744325E-04
 7.7763631737686E+01 -8.0104271122743E-04  1.5862062663152E-04 -1.5357822685990E-04 -8.0186682248852E-04 -4.4446959594227E-16 -1.9293221266153E-16  5.1074510641097E-04 -9.3402441666210E-05
 9.0598776876450E+01 -2.7817714273330E-04  5.6754757643986E-05 -6.1649226609929E-05 -2.7735737937497E-04  3.6149665501943E-16  6.1621553655665E-16  1.7760982035080E-04 -3.3539512006146E-05
 1.0593420764638E+02 -7.7616164149966E-05  2.1051507271759E-05 -1.6400509874091E-05 -7.8409412063336E-05 -8.5652202946896E-17 -7.3878395153765E-16  4.9635778257698E-05 -1.2662681132659E-05
 1.2423464719110E+02 -1.7494560297554E-05  2.2121075494507E-06 -6.5058008464242E-06 -1.6746711627556E-05  9.1345206688893E-16 -1.0974115408972E-15  1.1197707211165E-05 -1.2674976967073E-06
 1.4594241120273E+02 -2.4248042387352E-06  2.9616768103461E-06  8.6742967989189E-07 -3.1057745416479E-06  9.6815679953298E-17 -7.4967735165098E-16  1.5654763215775E-06 -1.8464289976217E-06
 1.7134306534494E+02 -6.7694057694567E-07 -1.7419359821041E-06 -1.5530277382205E-06 -7.9171566951137E-08  7.3615100809210E-17 -3.9238788199157E-16  4.2511106196685E-07  1.0992676490103E-06
 2.0031238977363E+02  2.7144194381256E-07  1.6167516442992E-06  1.1355494022005E-06 -2.3668351563453E-07 -1.4899618803518E-16 -2.0232739925752E-16 -1.6479035428239E-07 -1.0181701770563E-06
 2.3191408163774E+02 -2.6801241583906E-07 -1.3910804000787E-06 -8.6857306436876E-07  1.5446926376812E-07  4.6130905692756E-16  7.7527207041579E-16  1.6317141330896E-07  8.7624436222125E-07
 2.6391067359163E+02  2.4889139638847E-07  1.2751264687588E-06  6.2740187678142E-07 -1.1379119386275E-07  8.8607628909714E-16 -2.0283859941596E-16 -1.5094143084937E-07 -8.0329171693675E-07
 2.9247617660292E+02 -1.9948593048733E-07 -1.0587613997130E-06 -1.7872201363129E-07  1.8211120423944E-08 -4.6603931141512E-16 -6.3388445661242E-16  1.2035334562851E-07  6.6653908967704E-07
 3.1266060966822E+02  4.4099974726006E-07  2.2705485255834E-06  9.6252105606995E-07 -1.8474074787758E-07  3.7069295689994E-17 -1.5835126889811E-16 -2.6747446020382E-07 -1.4280377401285E-06
 3.2000000000000E+02  0.0000000000000E+00  0.0000000000000E+00  1.8764605556014E-06 -3.4144664530522E-07  0.0000000000000E+00  0.0000000000000E+00  0.0000000000000E+00  0.0000000000000E+00
