#  1.0000000000000E+00  0.0000000000000E+00  8.5863376432451E-02  1.6932700155846E-03
 0.0000000000000E+00  3.2087326188357E-19  3.3043063109970E-19  1.0126355053724E-20 -6.8248282551435E-20  4.4697523667135E-35  5.5525542347475E-35 -5.8047967466113E-05 -1.0915097200388E-03
 1.7032370180713E-02 -9.4952263207336E-05 -1.0619971028059E-04 -7.5013096196944E-08  9.5255438284363E-08  5.1672270732662E-19 -5.9798528339982E-19 -5.8076562288948E-05 -1.0914929267855E-03
 6.8271113974592E-02 -3.4962669885050E-04 -4.2519279210278E-04 -1.2682553031067E-06  1.0399932549400E-06  9.0439239347609E-19  7.1361966041895E-19 -5.8236968672349E-05 -1.0913832490237E-03
 1.5414356843121E-01 -6.8310066685522E-04 -9.5006049074033E-04 -6.4215615902919E-06  4.8406491434110E-06  7.4269698985810E-19 -1.0442427657298E-19 -5.8449495616228E-05 -1.0912550069477E-03
 2.7537015616375E-01 -9.9131527658279E-04 -1.6490977454288E-03 -2.0179372844605E-05  1.3405845432895E-05  1.0748141676948E-18 -6.6578591449593E-20 -5.8793965068443E-05 -1.0911566923582E-03
 4.3297692419124E-01 -1.1861885136168E-03 -2.4544929013709E-03 -4.8380704699611E-05  2.7829338319802E-05  1.3548640556949E-18 -3.7198200982723E-19 -5.9173453623044E-05 -1.0911799382016E-03
 6.2831360422630E-01 -1.2313651843881E-03 -3.2690669814410E-03 -9.7073808289275E-05  4.7341662849000E-05  1.8966699511725E-18 -8.3555601406706E-19 -5.9633648944601E-05 -1.0913777149391E-03
 8.6307772618860E-01 -1.1552672156797E-03 -3.9884188261095E-03 -1.7114435292761E-04  7.0099562735293E-05  2.7495034797125E-18 -1.6044930215614E-18 -6.0009840277050E-05 -1.0917809408756E-03
 1.1393455073020E+00 -1.0295499504170E-03 -4.5220873579386E-03 -2.7320492397234E-04  9.3965448028570E-05  1.7431343788785E-18 -3.3618704196005E-18 -6.0230170869372E-05 -1.0922669158008E-03
 1.4596104617659E+00 -9.1971476626500E-04 -4.8019238743567E-03 -4.0266207847934E-04  1.1813717822177E-04 -2.8908461197106E-19 -5.1456891205624E-18 -5.9943282526292E-05 -1.0925131632188E-03
 1.8268309414969E+00 -8.3565873500330E-04 -4.7850735719386E-03 -5.5515561834160E-04  1.4273898122750E-04 -2.5311980442812E-18 -6.6583635965644E-18 -5.8812022902488E-05 -1.0918041771232E-03
 2.2444881402714E+00 -7.2277937549065E-04 -4.4675824709274E-03 -7.2235039748688E-04  1.6758286835332E-04 -4.8352606438976E-18 -2.5205855596166E-18 -5.6161775702257E-05 -1.0889570299089E-03
 2.7166564887548E+00 -5.1458082218028E-04 -3.8923389183251E-03 -8.9284837699287E-04  1.8958845268333E-04 -6.3559697920751E-18  1.2470710176877E-18 -5.1376502134765E-05 -1.0821789125474E-03
 3.2480888581126E+00 -1.9994897781934E-04 -3.1199883957867E-03 -1.0534676981526E-03  2.0295753462115E-04  4.6344237789526E-19  3.6003763160970E-18 -4.3774157059007E-05 -1.0691793477358E-03
 3.8443196031563E+00  1.7181711720029E-04 -2.2000129466426E-03 -1.1897236311994E-03  2.0087233104231E-04  3.7536595418385E-18  2.0044949496415E-19 -3.3350950137803E-05 -1.0473976281993E-03
 4.5117892486379E+00  5.1540629204264E-04 -1.2125405008089E-03 -1.2866052517845E-03  1.7870303909043E-04 -8.4413689071260E-19 -2.9542590977247E-18 -2.0929966049261E-05 -1.0146464306219E-03
 5.2579956017723E+00  7.0902560255417E-04 -2.9594600203601E-04 -1.3328114307740E-03  1.3726899885803E-04 -4.4350394822799E-18  2.4131511746360E-18 -8.6604797658125E-06 -9.6983705529957E-04
 6.0916773224080E+00  6.6351502181042E-04  4.1625316760811E-04 -1.3255245919634E-03  8.6879921581118E-05  2.5205574376896E-18 -2.7960442934136E-19  9.9310158967840E-07 -9.1368338970528E-04
 7.0230375809715E+00  4.3517531503448E-04  8.5619786199972E-04 -1.2715822836969E-03  4.3435690097651E-05  2.3722351309508E-18 -4.2993448450942E-18  6.3113670994014E-06 -8.4861026136811E-04
 8.0640174905072E+00  1.9289626090981E-04  1.0387383835235E-03 -1.1845234909155E-03  1.7820861000796E-05  1.8856652138185E-18 -2.6634022808626E-18  7.6503812589295E-06 -7.7787991998844E-04
 9.2286316536438E+00  5.6076702520548E-05  1.0433224927114E-03 -1.0791237330809E-03  8.5516395510177E-06 -2.7442588788284E-18 -6.5823619895333E-19  6.5633412414229E-06 -7.0430135190413E-04
 1.0533381602815E+01  1.4361499718570E-05  9.6106858097756E-04 -9.6640805879558E-04  7.4940347682141E-06 -3.0094022584963E-18  4.3552388114547E-18  4.7089082991238E-06 -6.2973730044604E-04
 1.1997767373474E+01  8.8845933717863E-06  8.5205613851231E-04 -8.5243031779178E-04  8.4068954681745E-06  1.4656881899750E-18 -2.7740920552768E-18  2.7787628474886E-06 -5.5534332522060E-04
 1.3644923246653E+01  9.3549167376684E-06  7.4000060039673E-04 -7.3999168776577E-04  9.3727615136911E-06 -3.3004207071431E-19  1.9798374768024E-18  1.0891098962847E-06 -4.8211272816652E-04
 1.5502411224315E+01  9.9791906278323E-06  6.3089224161319E-04 -6.3087463476274E-04  9.9484196075406E-06  3.6301294864377E-18  4.5756926839271E-20 -3.8441416189159E-07 -4.1103804683684E-04
 1.7603215546271E+01  1.0176979351384E-05  5.2672546886378E-04 -5.2670931633836E-04  1.0206438477081E-05 -9.0129552668109E-19 -2.1468829172642E-18 -1.5217870637533E-06 -3.4319866334674E-04
 1.9986994091474E+01  1.0054767156288E-05  4.2919521176130E-04 -4.2918495996024E-04  1.0023396875569E-05 -2.3236025327410E-18 -1.7094331535985E-18 -2.3889281831956E-06 -2.7966636496698E-04
 2.2701658429822E+01  9.4974840163289E-06  3.3991514119699E-04 -3.3990281717193E-04  9.5278813863692E-06  1.3022351583189E-18  6.6435581835418E-19 -2.8907378660443E-06 -2.2151266097087E-04
 2.5805374082107E+01  8.6731031327867E-06  2.6035053748411E-04 -2.6034638174576E-04  8.6412806349460E-06 -3.5653372240874E-18  1.2091400142657E-18 -3.1258534772772E-06 -1.6967569122080E-04
 2.9369096201206E+01  7.5144600196278E-06  1.9167801621949E-04 -1.9166880773970E-04  7.5456652885370E-06  8.2578883396064E-19  6.6397874560464E-19 -3.0364902881643E-06 -1.2493612443959E-04
 3.3479782119540E+01  6.2456520782628E-06  1.3463048719319E-04 -1.3463084591038E-04  6.2134662654365E-06 -3.9112001705646E-19  2.6974291467347E-18 -2.7635005310569E-06 -8.7761518389042E-05
 3.8244446755240E+01  4.8415386780390E-06  8.9392731101579E-05 -8.9385645363825E-05  4.8734204103354E-06  2.0401863227096E-18 -2.6728104916541E-19 -2.2872022101883E-06 -5.8282119430414E-05
 4.3795239016170E+01  3.5553038668718E-06  5.5467645327730E-05 -5.5470908713151E-05  3.5228584651663E-06 -5.8980924513051E-21  4.3703665510947E-19 -1.7784638568320E-06 -3.6168746294977E-05
 5.0295692902126E+01  2.3567161185459E-06  3.1721216366894E-05 -3.1715241751192E-05  2.3890032918883E-06  2.7411973919685E-18 -1.1093573281306E-18 -1.2277598685557E-06 -2.0689221837614E-05
 5.7948194481705E+01  1.4607301395207E-06  1.6421801474296E-05 -1.6426582331952E-05  1.4283294131998E-06 -5.0820267136341E-19  1.2389032557195E-18 -7.9250139702191E-07 -1.0712591831739E-05
 6.7002399898277E+01  7.6194114805396E-07  7.5399285821987E-06 -7.5343607067697E-06  7.9399061471371E-07  6.7059279490254E-19 -8.9618713971872E-19 -4.2331074916560E-07 -4.9202949075709E-06
 7.7763631737686E+01  3.8046936407600E-07  2.9827736741535E-06 -2.9880706455983E-06  3.4898000316391E-07  4.6471232667536E-19  5.7010700108805E-19 -2.1899117797072E-07 -1.9468629920624E-06
 9.0598776876450E+01  1.2607486942360E-07  9.9162790613667E-07 -9.8628988002587E-07  1.5645564765797E-07 -2.1061014128077E-19 -4.8573501176319E-19 -7.2540600139400E-08 -6.4762754722749E-07
 1.0593420764638E+02  6.0400365832602E-08  2.6122147565205E-07 -2.6632872232197E-07  3.1739676665097E-08  1.7227175999128E-19  2.0095295266534E-19 -3.6817884160037E-08 -1.7060994795298E-07
 1.2423464719110E+02 -3.1360747175242E-09  5.7081538599286E-08 -5.2302520469240E-08  2.3082013839018E-08 -2.2098915310121E-19 -4.2637562336097E-19  2.5827254103815E-09 -3.7334282793652E-08
 1.4594241120273E+02  1.4694525219449E-08  6.0334033691532E-09 -1.0336871716610E-08 -8.4524101280439E-09  1.3922968456664E-19 -2.8197574790529E-20 -9.5024986783876E-09 -3.9440888634557E-09
 1.7134306534494E+02 -1.0742337550671E-08  3.0276100411234E-09  7.0713751722238E-10  8.9762858493250E-09 -3.2345277674940E-19  1.1394998310092E-19  7.0148687742397E-09 -1.9730832475047E-09
 2.0031238977363E+02  9.4387944883893E-09 -1.7488485344399E-09 -1.3916628776702E-09 -6.8832829405068E-09  1.8872718000370E-19  1.1448729225951E-19 -6.1543736221371E-09  1.1303103466716E-09
 2.3191408163774E+02 -8.0884159572089E-09  1.6015075002197E-09  9.8845828427072E-10  5.2192558687036E-09 -2.1063507260837E-19  4.5586328020102E-20  5.2745577541641E-09 -1.0306645445805E-09
 2.6391067359163E+02  7.3306238604224E-09 -1.4749070392493E-09 -7.1700096411479E-10 -3.7621765536736E-09  2.5302074484772E-19 -5.9698716941917E-20 -4.7805167538488E-09  9.4442764077694E-10
 2.9247617660292E+02 -6.2026680005380E-09  1.2136353591152E-09  1.7659589799796E-10  1.2936539797983E-09  7.7005464239168E-20  8.9693584418071E-20  4.0460788407896E-09 -7.7467561950386E-10
 3.1266060966822E+02  1.3003938444583E-08 -2.6206196132274E-09 -1.1054032383893E-09 -5.5319868060180E-09  1.2603429163843E-20  6.2079638514454E-21 -8.4726118452059E-09  1.6702363379609E-09
 3.2000000000000E+02  0.0000000000000E+00  0.0000000000000E+00 -2.1198848412491E-09 -1.1149105416872E-08  0.0000000000000E+00  0.0000000000000E+00  0.0000000000000E+00  0.0000000000000E+00
