#  1.0000000000000E+00  0.0000000000000E+00  8.5863376432451E-02  1.6932700155846E-03
 0.0000000000000E+00  3.2087326188357E-19  3.3043063109970E-19  1.0126355053724E-20 -6.8248282551435E-20  4.4697523667135E-35  5.5525542347475E-35 -5.8047967466113E-05 -1.0915097200388E-03
 1.7032370180713E-02 -9.4952263207335E-05 -1.0619971028059E-04 -7.5013096196408E-08  9.5255438282037E-08  5.0516422167949E-19 -6.4414995555700E-19 -5.8076562288949E-05 -1.0914929267855E-03
 6.8271113974592E-02 -3.4962669885050E-04 -4.2519279210278E-04 -1.2682553031066E-06  1.0399932549399E-06  7.9804806749818E-19  6.0569972147697E-19 -5.8236968672348E-05 -1.0913832490237E-03
 1.5414356843121E-01 -6.8310066685522E-04 -9.5006049074034E-04 -6.4215615902933E-06  4.8406491434103E-06  8.4595586519712E-19 -4.1085782177457E-19 -5.8449495616227E-05 -1.0912550069477E-03
 2.7537015616375E-01 -9.9131527658278E-04 -1.6490977454288E-03 -2.0179372844605E-05  1.3405845432895E-05  9.4391137103852E-19 -4.9034292894834E-19 -5.8793965068442E-05 -1.0911566923582E-03
 4.3297692419124E-01 -1.1861885136168E-03 -2.4544929013709E-03 -4.8380704699613E-05  2.7829338319801E-05  1.3528617288083E-18 -1.2679766772936E-18 -5.9173453623042E-05 -1.0911799382016E-03
 6.2831360422630E-01 -1.2313651843881E-03 -3.2690669814411E-03 -9.7073808289276E-05  4.7341662849001E-05  1.6646188557778E-18 -1.5915914736987E-18 -5.9633648944602E-05 -1.0913777149391E-03
 8.6307772618860E-01 -1.1552672156797E-03 -3.9884188261095E-03 -1.7114435292761E-04  7.0099562735295E-05  1.4244359474186E-18 -3.8508430153233E-18 -6.0009840277050E-05 -1.0917809408756E-03
 1.1393455073020E+00 -1.0295499504169E-03 -4.5220873579386E-03 -2.7320492397235E-04  9.3965448028571E-05  5.4899527679787E-19 -4.5924206231920E-18 -6.0230170869373E-05 -1.0922669158008E-03
 1.4596104617659E+00 -9.1971476626498E-04 -4.8019238743568E-03 -4.0266207847935E-04  1.1813717822177E-04 -1.6224500130605E-18 -5.8776373847148E-18 -5.9943282526290E-05 -1.0925131632188E-03
 1.8268309414969E+00 -8.3565873500330E-04 -4.7850735719386E-03 -5.5515561834161E-04  1.4273898122750E-04 -6.4335969268677E-18 -3.4524721501636E-18 -5.8812022902487E-05 -1.0918041771232E-03
 2.2444881402714E+00 -7.2277937549062E-04 -4.4675824709274E-03 -7.2235039748689E-04  1.6758286835332E-04 -6.7047072443159E-18  1.1150542304132E-18 -5.6161775702257E-05 -1.0889570299089E-03
 2.7166564887548E+00 -5.1458082218027E-04 -3.8923389183251E-03 -8.9284837699287E-04  1.8958845268333E-04 -3.3143855317813E-18  3.0068855459385E-18 -5.1376502134765E-05 -1.0821789125474E-03
 3.2480888581126E+00 -1.9994897781931E-04 -3.1199883957867E-03 -1.0534676981526E-03  2.0295753462115E-04  1.4712756512022E-18  2.6118779191155E-18 -4.3774157059007E-05 -1.0691793477358E-03
 3.8443196031563E+00  1.7181711720033E-04 -2.2000129466426E-03 -1.1897236311994E-03  2.0087233104232E-04  3.1320930937202E-18 -5.5097568558387E-18 -3.3350950137803E-05 -1.0473976281993E-03
 4.5117892486379E+00  5.1540629204266E-04 -1.2125405008088E-03 -1.2866052517845E-03  1.7870303909043E-04 -6.4172440958866E-18 -1.8453456653120E-18 -2.0929966049260E-05 -1.0146464306219E-03
 5.2579956017723E+00  7.0902560255419E-04 -2.9594600203600E-04 -1.3328114307740E-03  1.3726899885803E-04 -2.8419938623798E-18  6.7379423760038E-18 -8.6604797658115E-06 -9.6983705529957E-04
 6.0916773224080E+00  6.6351502181039E-04  4.1625316760816E-04 -1.3255245919634E-03  8.6879921581113E-05  8.4011326875084E-19 -2.5282506067255E-18  9.9310158967871E-07 -9.1368338970528E-04
 7.0230375809715E+00  4.3517531503450E-04  8.5619786199970E-04 -1.2715822836968E-03  4.3435690097647E-05  3.3152060867324E-18 -9.9476766113026E-18  6.3113670994009E-06 -8.4861026136811E-04
 8.0640174905072E+00  1.9289626090980E-04  1.0387383835235E-03 -1.1845234909155E-03  1.7820861000787E-05  6.0611868872563E-18 -8.4895799751605E-18  7.6503812589291E-06 -7.7787991998844E-04
 9.2286316536438E+00  5.6076702520527E-05  1.0433224927114E-03 -1.0791237330809E-03  8.5516395510132E-06 -5.3359156481025E-18 -1.9074110876853E-19  6.5633412414221E-06 -7.0430135190413E-04
 1.0533381602815E+01  1.4361499718534E-05  9.6106858097758E-04 -9.6640805879558E-04  7.4940347682149E-06 -8.7960227204951E-18  1.2046666721735E-17  4.7089082991254E-06 -6.2973730044604E-04
 1.1997767373474E+01  8.8845933717776E-06  8.5205613851233E-04 -8.5243031779177E-04  8.4068954681730E-06 -1.9563947277484E-19 -9.0281358386217E-18  2.7787628474880E-06 -5.5534332522061E-04
 1.3644923246653E+01  9.3549167376712E-06  7.4000060039673E-04 -7.3999168776577E-04  9.3727615136882E-06  3.3220612935002E-18  3.4870677489053E-18  1.0891098962845E-06 -4.8211272816652E-04
 1.5502411224315E+01  9.9791906278287E-06  6.3089224161319E-04 -6.3087463476274E-04  9.9484196075367E-06  8.7278650498923E-18  4.1368181581619E-19 -3.8441416188987E-07 -4.1103804683684E-04
 1.7603215546271E+01  1.0176979351383E-05  5.2672546886378E-04 -5.2670931633836E-04  1.0206438477078E-05  1.6447187157436E-18 -3.6748329925529E-18 -1.5217870637548E-06 -3.4319866334674E-04
 1.9986994091474E+01  1.0054767156288E-05  4.2919521176130E-04 -4.2918495996024E-04  1.0023396875570E-05 -2.8756697428423E-18 -3.8812501291684E-18 -2.3889281831955E-06 -2.7966636496698E-04
 2.2701658429822E+01  9.4974840163278E-06  3.3991514119699E-04 -3.3990281717193E-04  9.5278813863660E-06  2.8792042771577E-18  1.7723098273859E-18 -2.8907378660435E-06 -2.2151266097087E-04
 2.5805374082107E+01  8.6731031327815E-06  2.6035053748411E-04 -2.6034638174575E-04  8.6412806349436E-06 -1.1319427742366E-17  6.7033881162131E-18 -3.1258534772774E-06 -1.6967569122080E-04
 2.9369096201206E+01  7.5144600196263E-06  1.9167801621949E-04 -1.9166880773970E-04  7.5456652885325E-06  3.5649739903324E-18  9.2607318020248E-19 -3.0364902881653E-06 -1.2493612443959E-04
 3.3479782119540E+01  6.2456520782633E-06  1.3463048719318E-04 -1.3463084591037E-04  6.2134662654332E-06 -2.9816043300564E-18  7.5292781417269E-18 -2.7635005310569E-06 -8.7761518389040E-05
 3.8244446755240E+01  4.8415386780385E-06  8.9392731101577E-05 -8.9385645363824E-05  4.8734204103306E-06  3.5782030538520E-18 -3.7987452267482E-18 -2.2872022101854E-06 -5.8282119430413E-05
 4.3795239016170E+01  3.5553038668721E-06  5.5467645327722E-05 -5.5470908713149E-05  3.5228584651611E-06 -2.1386945170112E-18 -1.0770760792097E-18 -1.7784638568316E-06 -3.6168746294977E-05
 5.0295692902126E+01  2.3567161185444E-06  3.1721216366890E-05 -3.1715241751193E-05  2.3890032918844E-06  8.3534193011436E-18 -8.3694061712742E-18 -1.2277598685566E-06 -2.0689221837615E-05
 5.7948194481705E+01  1.4607301395214E-06  1.6421801474293E-05 -1.6426582331952E-05  1.4283294131960E-06 -8.6149006076919E-19  9.1943676180472E-19 -7.9250139702290E-07 -1.0712591831743E-05
 6.7002399898277E+01  7.6194114805016E-07  7.5399285821976E-06 -7.5343607067715E-06  7.9399061471204E-07  5.7363303749487E-20 -5.4449404878414E-19 -4.2331074916660E-07 -4.9202949075733E-06
 7.7763631737686E+01  3.8046936407450E-07  2.9827736741551E-06 -2.9880706455964E-06  3.4898000316644E-07  1.2701597767703E-18  2.0665974662655E-18 -2.1899117797166E-07 -1.9468629920591E-06
 9.0598776876450E+01  1.2607486942391E-07  9.9162790614159E-07 -9.8628988002354E-07  1.5645564766089E-07 -6.1542587692789E-19 -1.5402158897231E-18 -7.2540600142172E-08 -6.4762754722614E-07
 1.0593420764638E+02  6.0400365834195E-08  2.6122147565339E-07 -2.6632872231668E-07  3.1739676668119E-08  5.5624164424395E-19  4.2178293769405E-19 -3.6817884158031E-08 -1.7060994795186E-07
 1.2423464719110E+02 -3.1360747170631E-09  5.7081538598517E-08 -5.2302520466872E-08  2.3082013842248E-08 -8.5602523593471E-19 -1.0438501408108E-18  2.5827254086315E-09 -3.7334282792163E-08
 1.4594241120273E+02  1.4694525218238E-08  6.0334033698948E-09 -1.0336871723559E-08 -8.4524101291422E-09  5.2958144299694E-19 -1.5769292625167E-19 -9.5024986780555E-09 -3.9440888656060E-09
 1.7134306534494E+02 -1.0742337549951E-08  3.0276100424860E-09  7.0713750693179E-10  8.9762858422970E-09 -1.0493073007955E-18  1.5424963981190E-19  7.0148687732471E-09 -1.9730832468507E-09
 2.0031238977363E+02  9.4387944895563E-09 -1.7488485355036E-09 -1.3916628679881E-09 -6.8832829490623E-09  4.1899369152823E-19  3.0899863547404E-19 -6.1543736224584E-09  1.1303103411034E-09
 2.3191408163774E+02 -8.0884159562104E-09  1.6015074962584E-09  9.8845829300082E-10  5.2192558679493E-09 -2.9752962139899E-19  2.4774248192798E-19  5.2745577544901E-09 -1.0306645410372E-09
 2.6391067359163E+02  7.3306238587203E-09 -1.4749070372508E-09 -7.1700097086552E-10 -3.7621765450272E-09  6.2225225705763E-19  1.1303337272954E-19 -4.7805167546270E-09  9.4442764242192E-10
 2.9247617660292E+02 -6.2026680042180E-09  1.2136353602579E-09  1.7659589330801E-10  1.2936539863597E-09  1.9575094959745E-19  1.8884176364478E-19  4.0460788405046E-09 -7.7467561949668E-10
 3.1266060966822E+02  1.3003938444454E-08 -2.6206196115449E-09 -1.1054032348762E-09 -5.5319868078401E-09  2.3334375126089E-19  1.2072627696860E-19 -8.4726118452916E-09  1.6702363377860E-09
 3.2000000000000E+02  0.0000000000000E+00  0.0000000000000E+00 -2.1198848412491E-09 -1.1149105416872E-08  0.0000000000000E+00  0.0000000000000E+00  0.0000000000000E+00  0.0000000000000E+00
