#  1.0000000000000E+00  0.0000000000000E+00  4.6033124776440E-02  4.4271319640972E-02
 0.0000000000000E+00  0.0000000000000E+00  0.0000000000000E+00 -2.6266765555619E-18  1.3230491056721E-17  0.0000000000000E+00  0.0000000000000E+00  6.6948381396312E-03  1.2039699653417E-02
 7.1280367910464E-02  1.9042716334803E-02  1.5408640473036E-02 -2.2604196365675E-02  3.1806691417841E-02 -3.0081260613996E-16  1.2953576364611E-16  2.2159746672109E-02  3.3014642765591E-02
 2.8761376235206E-01  7.0550609135187E-02  8.8042965408983E-02  9.4346985705309E-04  6.7633114891631E-05  1.6822409752715E-16  3.6582281071365E-16  1.0469825238401E-02  6.4648405966067E-03
 6.5665861326683E-01  1.4080486948192E-01  1.9536408890843E-01 -1.7336935867459E-02  3.2207022167030E-02 -2.2474296207058E-16  7.3909439948898E-18  2.1966517146139E-02  3.3029810737572E-02
 1.1918063859976E+00  2.4803710499694E-01  3.6731170812426E-01  1.6268121972254E-02  3.1598465717187E-03 -4.1949635105496E-16 -3.4981758334086E-17  1.0216973447144E-02  6.3310202017862E-03
 1.9132045355347E+00  6.3007656258254E-01  0.0000000000000E+00  1.7453867525325E-02  2.7419212124481E-02  3.8770706742495E-16  3.8929215253715E-16  2.1848200783048E-02  3.3531430869166E-02
 2.8493679012175E+00  6.9146389065079E-02 -5.1690110317341E-01  4.1401202531825E-02 -3.6690264954122E-02  6.7811797001353E-16 -3.4532473733138E-16  1.0707066618314E-02  6.3055960837187E-03
 4.0395982208576E+00 -1.0708236563878E-01  2.6409122973601E-02 -1.6921379490456E-03 -1.1860738479960E-02 -1.1408444435331E-16 -1.5767331477337E-16  2.2967060834778E-02  3.3021599460048E-02
 5.5375636190562E+00  5.5483170566723E-02 -5.4962338081551E-02  2.5817625796289E-02 -4.2277024749789E-02 -2.8348653732966E-17  2.3526165181943E-17  1.1709533379197E-02  3.4318091116362E-03
 7.4165986574740E+00 -5.4825753608955E-02 -2.3398255964337E-02 -6.3290398994741E-03 -1.5713265439162E-02 -5.7236815181681E-17  5.1121244748674E-17  2.3210100286721E-02  2.8815924071681E-02
 9.7776247633477E+00 -8.9124589112950E-03  1.0082844243970E-02  1.7912732111259E-02 -4.2453014439846E-02 -9.1494553061422E-17  1.0535041508107E-18  1.1233436209647E-02 -2.6912493535312E-03
 1.2761154034143E+01 -4.1235507599698E-02 -1.4722924473142E-02 -1.3956048880755E-02 -8.9194234214433E-03  9.1514783540814E-19 -5.5788787184202E-17  2.1688754902065E-02  2.2393487021646E-02
 1.6565789130345E+01 -3.6469413696175E-03  1.8067017027424E-02  1.1226294322576E-02 -3.5654547702516E-02 -1.8162233349745E-17  1.4984311355210E-17  8.7150984482140E-03 -1.0297929190379E-02
 2.1477246503436E+01 -3.1419214358683E-02 -8.8845514865022E-03 -2.0649137959674E-02  8.0068082899355E-04  2.7494859663384E-17  1.8208658397920E-17  1.7629139024747E-02  1.5844121279632E-02
 2.7914657790440E+01  6.7394002800771E-03  2.2912647808386E-02  7.8883830894508E-03 -2.5557459954537E-02 -2.8745795405561E-17  3.1261152923668E-18  3.1665485352341E-03 -1.7213745820524E-02
 3.6505335668602E+01 -2.0936987086591E-02 -8.5575906661371E-03 -2.2463765165333E-02  1.2715395082421E-02  6.6088030092928E-18  1.4951868286925E-18  1.0957657555246E-02  1.2413766801641E-02
 4.8205496983767E+01  1.6777215290853E-02  2.1027118610497E-02  1.1407773599870E-02 -1.6911588167218E-02 -3.3240821403576E-18 -7.6585631516791E-19 -4.1846457452027E-03 -1.9345559698182E-02
 6.4489287328852E+01 -1.8431831531414E-02 -1.4706156489965E-02 -1.7954936807991E-02  2.1458135438282E-02  1.7761328788565E-18 -1.0552349368046E-18  7.3633042687331E-03  1.5721389134337E-02
 8.7611377876787E+01  2.2848594992567E-02  1.0444648865630E-02  1.0541594723455E-02 -2.1449315532495E-02 -1.0874044057531E-18 -4.7342248596713E-19 -1.1688499157057E-02 -1.4347979399138E-02
 1.2081862745691E+02 -1.8184799464007E-02 -3.3909717480351E-03 -2.8864027950471E-03  1.8304916482425E-02  5.7326975473312E-19  2.3345347212926E-19  1.0910810086561E-02  8.1656940199314E-03
 1.6781880431739E+02  1.1484688938920E-02 -4.1267645502734E-04 -6.2484712699696E-04 -1.1676617966365E-02 -3.0752026102906E-19 -6.0956282753744E-20 -7.7234483742244E-03 -3.4682181828305E-03
 2.2910749276788E+02 -6.6109178615893E-03  1.1165550966037E-03  1.3563227154091E-03  6.8300656562649E-03  1.5865874597903E-19  2.7538228816923E-20  4.7320345259476E-03  1.4151430362908E-03
 2.9137127369887E+02  4.1669595090893E-03 -1.4541238351874E-03 -1.8203138489319E-03 -4.6566104712171E-03 -1.3095292846668E-19 -5.8815722424136E-20 -3.2264143459006E-03 -3.9537510248671E-04
 3.2000000000000E+02  0.0000000000000E+00  0.0000000000000E+00 -1.1073441045683E-04  2.0956480419718E-03  0.0000000000000E+00  0.0000000000000E+00  0.0000000000000E+00  0.0000000000000E+00
