#  1.0000000000000E+00  0.0000000000000E+00  8.1750007408167E-02  2.1372871587542E-03  3.0000000000000E-02  0.0000000000000E+00
 0.0000000000000E+00 -1.6821156514000E-17 -9.8926088032441E-18 -6.7709984450004E-18 -4.3437367504005E-17  5.2673791338908E-32 -7.4319406468543E-32  2.1067486446760E-01 -1.4031331784993E-02
 1.7032370180713E-02  1.8661007481519E-02 -1.5967391708956E-02 -1.5283057198759E-05 -1.2728075896168E-05 -3.2137514235579E-17 -2.7756206846885E-18  2.1067224453202E-01 -1.4036109244832E-02
 6.8271113974592E-02  7.4776275071852E-02 -5.8291221679894E-02 -1.6420663435673E-04 -2.1319507772605E-04 -1.3236625120185E-16  3.0077094680790E-17  2.1065516081698E-01 -1.4063037531650E-02
 1.5414356843121E-01  1.6738898091974E-01 -1.1191130582212E-01 -7.5560370541550E-04 -1.0801594967753E-03 -2.8856782662604E-16  7.6181942828792E-17  2.1063616686243E-01 -1.4099065770450E-02
 2.7537015616375E-01  2.9158278261921E-01 -1.5709565595025E-01 -2.0506957455932E-03 -3.3982848077558E-03 -5.1792606490062E-16  1.3684708551215E-16  2.1062519920062E-01 -1.4158066237076E-02
 4.3297692419124E-01  4.3678889696009E-01 -1.7636867434344E-01 -4.1196531382293E-03 -8.1687613280209E-03 -8.0601580648313E-16  2.6165961266329E-16  2.1064007075554E-01 -1.4225646338676E-02
 6.2831360422630E-01  5.8833573299840E-01 -1.6134647253509E-01 -6.6385295730279E-03 -1.6467564709004E-02 -1.0674437956746E-15  6.7242505105900E-16  2.1069487696202E-01 -1.4312787418422E-02
 8.6307772618860E-01  7.3161571500917E-01 -1.1671741711819E-01 -9.0028673003000E-03 -2.9266529958789E-02 -1.0873072448397E-15  1.2971589934484E-15  2.1080129619170E-01 -1.4399584867432E-02
 1.1393455073020E+00  8.5525263932666E-01 -5.9572133161357E-02 -1.0503793445374E-02 -4.7320153065386E-02 -1.1264722787683E-15  2.3099464246904E-15  2.1094751105785E-01 -1.4489952880128E-02
 1.4596104617659E+00  9.4946286982198E-01 -1.3823225406633E-02 -1.0783173727180E-02 -7.1074140999155E-02 -1.5543221489450E-17  3.2249772548482E-15  2.1108664518382E-01 -1.4558186638303E-02
 1.8268309414969E+00  1.0000000000000E+00  0.0000000000000E+00 -1.0117301914157E-02 -1.0048949357409E-01  1.4499066698090E-15  4.1746093938640E-15  2.1110051587924E-01 -1.4607684922205E-02
 2.2444881402714E+00  9.8576970695915E-01 -2.2047691028303E-02 -9.5288894401741E-03 -1.3460806939855E-01  3.5284648206736E-15  3.9086790023981E-15  2.1077501620202E-01 -1.4618552874345E-02
 2.7166564887548E+00  8.9006643312136E-01 -5.9813482733728E-02 -1.0168053762127E-02 -1.7108544284886E-01  2.9309353638774E-15  2.4628086810675E-15  2.0976445557168E-01 -1.4601244675211E-02
 3.2480888581126E+00  7.2021463717392E-01 -8.2138601728367E-02 -1.2447028848666E-02 -2.0629582011086E-01 -3.6900745380535E-15 -6.7881477107611E-16  2.0760219958463E-01 -1.4533122204973E-02
 3.8443196031563E+00  5.0834054537803E-01 -7.6155771783810E-02 -1.5615476380604E-02 -2.3633772800634E-01 -2.1208267526596E-15 -5.6049889584324E-15  2.0375407586828E-01 -1.4406952825999E-02
 4.5117892486379E+00  2.8732600584508E-01 -5.4892707280810E-02 -1.8647560335303E-02 -2.5801102690845E-01 -7.5531181846804E-15  2.8684517153621E-15  1.9776222617802E-01 -1.4178550450587E-02
 5.2579956017723E+00  8.1218326932997E-02 -3.2267003082090E-02 -2.0994702153586E-02 -2.6906537499316E-01 -1.0762601007610E-16  3.1260074214177E-15  1.8941337272467E-01 -1.3836430906985E-02
 6.0916773224080E+00 -8.2620053450386E-02 -1.1300777026978E-02 -2.2470740255314E-02 -2.6863032814413E-01  2.3465619217291E-15  1.8737034616790E-15  1.7887314642906E-01 -1.3358544215798E-02
 7.0230375809715E+00 -1.8180047948636E-01  5.8271111326687E-03 -2.2902683859306E-02 -2.5806185827109E-01  1.6793446099911E-15  1.5119667988631E-15  1.6663843053674E-01 -1.2772129830343E-02
 8.0640174905072E+00 -2.1838301225184E-01  1.6074587645894E-02 -2.2369856782471E-02 -2.4060210346308E-01 -2.0621330683172E-15  2.3979794696461E-15  1.5332973276352E-01 -1.2088874402593E-02
 9.2286316536438E+00 -2.1556895006919E-01  1.9655851156238E-02 -2.1163304489978E-02 -2.1969779282227E-01  2.3995036254523E-15  1.5960203431817E-15  1.3945118562465E-01 -1.1346747910425E-02
 1.0533381602815E+01 -1.9715869961680E-01  1.9430963532597E-02 -1.9640483472951E-02 -1.9758490584830E-01  1.6699840139067E-16 -1.7040190163764E-16  1.2532548000689E-01 -1.0545745691367E-02
 1.1997767373474E+01 -1.7523313654421E-01  1.7967881165794E-02 -1.7976260645891E-02 -1.7525293224321E-01 -1.5429711520294E-15 -5.9535533297397E-16  1.1115618228361E-01 -9.7072935959652E-03
 1.3644923246653E+01 -1.5311723509949E-01  1.6250456826371E-02 -1.6255568188847E-02 -1.5311783293881E-01  2.4624889476510E-15  6.0599515211248E-16  9.7122512361911E-02 -8.8229666060589E-03
 1.5502411224315E+01 -1.3149046240529E-01  1.4488074939256E-02 -1.4483145062473E-02 -1.3149038821136E-01 -7.0953704849571E-16 -1.5562861474211E-15  8.3408387859014E-02 -7.9144898226037E-03
 1.7603215546271E+01 -1.1068440448908E-01  1.2694156326790E-02 -1.2699185588458E-02 -1.1068432332585E-01 -8.3485752235593E-16 -1.6774696416387E-15  7.0216200722544E-02 -6.9775881388938E-03
 1.9986994091474E+01 -9.1032404800939E-02  1.0915294819769E-02 -1.0910186988671E-02 -9.1032624932410E-02 -9.5470463741628E-17 -6.9473401408223E-17  5.7753102582834E-02 -6.0397404199947E-03
 2.2701658429822E+01 -7.2862720128688E-02  9.1608980954661E-03 -9.1660716809792E-03 -7.2862379574703E-02  7.9296282060241E-16  1.5043921828283E-15  4.6230521720057E-02 -5.1027321217657E-03
 2.5805374082107E+01 -5.6485890620619E-02  7.4877351017893E-03 -7.4825043012828E-03 -5.6486333962098E-02  4.8860861979599E-16 -3.4099949658804E-16  3.5842817668155E-02 -4.2003186253078E-03
 2.9369096201206E+01 -4.2166352597333E-02  5.9117671550970E-03 -5.9170492353839E-03 -4.2165822464315E-02  2.9922137014208E-16 -2.0654622600400E-15  2.6759917952358E-02 -3.3394652638814E-03
 3.3479782119540E+01 -3.0092961522439E-02  4.4938999113597E-03 -4.4885714855544E-03 -3.0093564307363E-02 -1.5666077010878E-15  1.6910249899024E-15  1.9100139447493E-02 -2.5574104598430E-03
 3.8244446755240E+01 -2.0352994107511E-02  3.2467395201213E-03 -3.2521087382935E-03 -2.0352331055264E-02  6.5750489970274E-16 -9.1284946382593E-16  1.2920365449757E-02 -1.8609181304993E-03
 4.3795239016170E+01 -1.2902816782360E-02  2.2203521783246E-03 -2.2149502369763E-03 -1.2903529172044E-02 -9.4313005490719E-16  6.1214334601362E-16  8.1922597052817E-03 -1.2824207391523E-03
 5.0295692902126E+01 -7.5656548259360E-03  1.4057049506726E-03 -1.4111265900429E-03 -7.5649030175982E-03  4.6810020831930E-16  2.5519471228652E-16  4.8047202415152E-03 -8.1764315821621E-04
 5.7948194481705E+01 -4.0337603393446E-03  8.2251661633918E-04 -8.1709663060051E-04 -4.0345420651886E-03  1.1195661989320E-15  4.7323422121072E-16  2.5623181842969E-03 -4.8222561760307E-04
 6.7002399898277E+01 -1.9168828854120E-03  4.2525782352469E-04 -4.3064189721859E-04 -1.9160811034245E-03 -3.0303916429964E-16 -3.7758828882128E-16  1.2180434302243E-03 -2.5091376547766E-04
 7.7763631737686E+01 -7.9041691380762E-04  1.9871455386867E-04 -1.9341929500270E-04 -7.9122752392445E-04 -5.0308557352859E-16 -1.5103156381026E-15  5.0242423201756E-04 -1.1827470094451E-04
 9.0598776876450E+01 -2.7538627662050E-04  7.3405279261193E-05 -7.8534609356921E-05 -2.7458061807576E-04 -2.6364598368902E-16  1.0196945452544E-15  1.7512596898462E-04 -4.3836819957856E-05
 1.0593420764638E+02 -7.7313677478155E-05  2.6927213485084E-05 -2.2066593652387E-05 -7.8097028047705E-05  3.9350901914564E-17  7.5145811045296E-17  4.9199873699383E-05 -1.6317969092071E-05
 1.2423464719110E+02 -1.7590175649816E-05  3.6863530293765E-06 -8.1594425768657E-06 -1.6849916293780E-05  6.0813440360903E-17  5.0647662675567E-18  1.1189123497029E-05 -2.1606590900535E-06
 1.4594241120273E+02 -2.4880701505505E-06  3.3625915649200E-06  6.1313136902664E-07 -3.1637768910148E-06 -1.0469484718825E-16  4.7990467696439E-17  1.5973336937871E-06 -2.1095026300023E-06
 1.7134306534494E+02 -6.8855589611306E-07 -1.7518496937146E-06 -1.6583345382058E-06 -9.4234676256948E-08  1.2462683470476E-16  3.0198120919538E-17  4.2706161574775E-07  1.1189284332055E-06
 2.0031238977363E+02  2.6747954856032E-07  1.6691859703264E-06  1.1714507301114E-06 -2.3855050077448E-07  3.1064761933579E-18  6.3643839734717E-18 -1.5926202528299E-07 -1.0618032392682E-06
 2.3191408163774E+02 -2.6703348703079E-07 -1.4271437844494E-06 -9.0014452984714E-07  1.5417388645995E-07 -4.1935361418761E-17 -6.6957614919317E-17  1.6000662378848E-07  9.0797363364621E-07
 2.6391067359163E+02  2.4829639193766E-07  1.3048253705047E-06  6.4947016235838E-07 -1.1417675192585E-07 -3.1653063437792E-17 -3.3232210174649E-17 -1.4858201563570E-07 -8.2992741863026E-07
 2.9247617660292E+02 -1.9734638862895E-07 -1.0889837352134E-06 -1.9612864402984E-07  1.7105961543594E-08  3.2558632799012E-17  3.1463431934326E-17  1.1837862389084E-07  6.9240013246937E-07
 3.1266060966822E+02  4.4476864469053E-07  2.3186075632290E-06  9.8299379170050E-07 -1.9032072223402E-07 -7.3734565472731E-17 -8.9730294034590E-17 -2.6611823051305E-07 -1.4727065440478E-06
 3.2000000000000E+02  0.0000000000000E+00  0.0000000000000E+00  1.9365228561754E-06 -3.4681057195845E-07  0.0000000000000E+00  0.0000000000000E+00  0.0000000000000E+00  0.0000000000000E+00
